mode: atomic
github.com/bigfile/bigfile/config/config.go:25.63,30.54 2 2
github.com/bigfile/bigfile/config/config.go:33.2,33.37 1 1
github.com/bigfile/bigfile/config/config.go:30.54,32.3 1 1
github.com/bigfile/bigfile/config/config.go:38.65,39.19 1 4
github.com/bigfile/bigfile/config/config.go:42.2,42.43 1 4
github.com/bigfile/bigfile/config/config.go:39.19,41.3 1 1
github.com/bigfile/bigfile/config/database.go:39.41,40.18 1 4
github.com/bigfile/bigfile/config/database.go:41.17,42.68 1 1
github.com/bigfile/bigfile/config/database.go:43.15,45.80 2 1
github.com/bigfile/bigfile/config/database.go:46.18,48.80 2 1
github.com/bigfile/bigfile/config/database.go:49.10,50.55 1 1
github.com/bigfile/bigfile/config/default.go:17.13,23.57 2 1
github.com/bigfile/bigfile/config/default.go:27.2,27.58 1 1
github.com/bigfile/bigfile/config/default.go:32.2,72.3 1 1
github.com/bigfile/bigfile/config/default.go:23.57,25.3 1 0
github.com/bigfile/bigfile/config/default.go:27.58,29.3 1 0
github.com/bigfile/bigfile/databases/connection.go:27.65,33.21 2 5
github.com/bigfile/bigfile/databases/connection.go:37.2,37.23 1 5
github.com/bigfile/bigfile/databases/connection.go:46.2,46.24 1 3
github.com/bigfile/bigfile/databases/connection.go:33.21,35.3 1 1
github.com/bigfile/bigfile/databases/connection.go:37.23,38.44 1 4
github.com/bigfile/bigfile/databases/connection.go:41.3,41.68 1 2
github.com/bigfile/bigfile/databases/connection.go:38.44,40.4 1 2
github.com/bigfile/bigfile/databases/connection.go:41.68,43.4 1 0
github.com/bigfile/bigfile/databases/connection.go:51.60,56.53 2 2
github.com/bigfile/bigfile/databases/connection.go:59.2,59.13 1 1
github.com/bigfile/bigfile/databases/connection.go:56.53,57.13 1 1
github.com/bigfile/bigfile/databases/migrate/migrate.go:36.44,38.2 1 60
github.com/bigfile/bigfile/databases/migrate/migrate.go:49.58,51.2 1 5
github.com/bigfile/bigfile/databases/migrate/migrate.go:54.58,55.25 1 4
github.com/bigfile/bigfile/databases/migrate/migrate.go:58.2,59.63 2 4
github.com/bigfile/bigfile/databases/migrate/migrate.go:55.25,57.3 1 1
github.com/bigfile/bigfile/databases/migrate/migrate.go:64.52,65.47 1 11
github.com/bigfile/bigfile/databases/migrate/migrate.go:65.47,67.3 1 5
github.com/bigfile/bigfile/databases/migrate/migrate.go:71.47,81.2 4 10
github.com/bigfile/bigfile/databases/migrate/migrate.go:85.41,95.39 4 4
github.com/bigfile/bigfile/databases/migrate/migrate.go:99.2,99.41 1 4
github.com/bigfile/bigfile/databases/migrate/migrate.go:95.39,97.3 1 0
github.com/bigfile/bigfile/databases/migrate/migrate.go:99.41,100.45 1 8
github.com/bigfile/bigfile/databases/migrate/migrate.go:100.45,102.53 2 8
github.com/bigfile/bigfile/databases/migrate/migrate.go:102.53,108.5 2 4
github.com/bigfile/bigfile/databases/migrate/migrate.go:108.10,111.5 2 4
github.com/bigfile/bigfile/databases/migrate/migrate.go:118.51,122.39 4 2
github.com/bigfile/bigfile/databases/migrate/migrate.go:122.39,123.78 1 2
github.com/bigfile/bigfile/databases/migrate/migrate.go:123.78,126.4 2 2
github.com/bigfile/bigfile/databases/migrate/migrate.go:126.9,129.4 2 0
github.com/bigfile/bigfile/databases/migrate/migrate.go:134.41,136.18 2 1
github.com/bigfile/bigfile/databases/migrate/migrate.go:139.2,139.13 1 1
github.com/bigfile/bigfile/databases/migrate/migrate.go:136.18,138.3 1 1
github.com/bigfile/bigfile/internal/sha512/state.go:40.50,43.42 3 6
github.com/bigfile/bigfile/internal/sha512/state.go:46.2,46.60 1 6
github.com/bigfile/bigfile/internal/sha512/state.go:43.42,45.3 1 0
github.com/bigfile/bigfile/internal/sha512/state.go:52.61,54.16 2 4
github.com/bigfile/bigfile/internal/sha512/state.go:57.2,61.45 5 4
github.com/bigfile/bigfile/internal/sha512/state.go:64.2,64.19 1 4
github.com/bigfile/bigfile/internal/sha512/state.go:54.16,56.3 1 0
github.com/bigfile/bigfile/internal/sha512/state.go:61.45,63.3 1 0
github.com/bigfile/bigfile/internal/sha512/state.go:73.53,75.57 1 8
github.com/bigfile/bigfile/internal/sha512/state.go:79.2,112.8 15 8
github.com/bigfile/bigfile/internal/sha512/state.go:75.57,77.3 1 0
github.com/bigfile/bigfile/internal/sha512/state.go:117.57,119.57 1 5
github.com/bigfile/bigfile/internal/sha512/state.go:122.2,144.12 18 5
github.com/bigfile/bigfile/internal/sha512/state.go:119.57,121.3 1 0
github.com/bigfile/bigfile/internal/sha512/state.go:150.81,152.16 2 3
github.com/bigfile/bigfile/internal/sha512/state.go:155.2,156.51 2 3
github.com/bigfile/bigfile/internal/sha512/state.go:159.2,159.20 1 3
github.com/bigfile/bigfile/internal/sha512/state.go:152.16,154.3 1 0
github.com/bigfile/bigfile/internal/sha512/state.go:156.51,158.3 1 0
github.com/bigfile/bigfile/internal/sha512/state.go:164.57,166.16 2 4
github.com/bigfile/bigfile/internal/sha512/state.go:169.2,169.31 1 4
github.com/bigfile/bigfile/internal/sha512/state.go:166.16,168.3 1 0
github.com/bigfile/bigfile/internal/sha256/state.go:40.50,43.42 3 6
github.com/bigfile/bigfile/internal/sha256/state.go:46.2,46.60 1 6
github.com/bigfile/bigfile/internal/sha256/state.go:43.42,45.3 1 0
github.com/bigfile/bigfile/internal/sha256/state.go:52.61,54.16 2 4
github.com/bigfile/bigfile/internal/sha256/state.go:57.2,61.45 5 4
github.com/bigfile/bigfile/internal/sha256/state.go:64.2,64.19 1 4
github.com/bigfile/bigfile/internal/sha256/state.go:54.16,56.3 1 0
github.com/bigfile/bigfile/internal/sha256/state.go:61.45,63.3 1 0
github.com/bigfile/bigfile/internal/sha256/state.go:73.53,75.57 1 8
github.com/bigfile/bigfile/internal/sha256/state.go:79.2,89.33 4 8
github.com/bigfile/bigfile/internal/sha256/state.go:96.2,115.8 10 8
github.com/bigfile/bigfile/internal/sha256/state.go:75.57,77.3 1 0
github.com/bigfile/bigfile/internal/sha256/state.go:89.33,91.3 1 64
github.com/bigfile/bigfile/internal/sha256/state.go:120.57,122.57 1 5
github.com/bigfile/bigfile/internal/sha256/state.go:125.2,147.12 18 5
github.com/bigfile/bigfile/internal/sha256/state.go:122.57,124.3 1 0
github.com/bigfile/bigfile/internal/sha256/state.go:153.81,155.16 2 3
github.com/bigfile/bigfile/internal/sha256/state.go:158.2,159.51 2 3
github.com/bigfile/bigfile/internal/sha256/state.go:162.2,162.20 1 3
github.com/bigfile/bigfile/internal/sha256/state.go:155.16,157.3 1 0
github.com/bigfile/bigfile/internal/sha256/state.go:159.51,161.3 1 0
github.com/bigfile/bigfile/internal/sha256/state.go:167.57,169.16 2 4
github.com/bigfile/bigfile/internal/sha256/state.go:172.2,172.31 1 4
github.com/bigfile/bigfile/internal/sha256/state.go:169.16,171.3 1 0
github.com/bigfile/bigfile/log/logger.go:26.64,29.17 2 2
github.com/bigfile/bigfile/log/logger.go:85.2,85.17 1 2
github.com/bigfile/bigfile/log/logger.go:29.17,30.23 1 1
github.com/bigfile/bigfile/log/logger.go:34.3,50.31 3 1
github.com/bigfile/bigfile/log/logger.go:64.3,64.28 1 1
github.com/bigfile/bigfile/log/logger.go:81.3,82.33 2 1
github.com/bigfile/bigfile/log/logger.go:30.23,32.4 1 0
github.com/bigfile/bigfile/log/logger.go:50.31,56.85 3 0
github.com/bigfile/bigfile/log/logger.go:59.4,60.50 2 0
github.com/bigfile/bigfile/log/logger.go:56.85,58.5 1 0
github.com/bigfile/bigfile/log/logger.go:64.28,66.18 2 1
github.com/bigfile/bigfile/log/logger.go:69.4,74.82 3 1
github.com/bigfile/bigfile/log/logger.go:77.4,78.47 2 1
github.com/bigfile/bigfile/log/logger.go:66.18,68.5 1 0
github.com/bigfile/bigfile/log/logger.go:74.82,76.5 1 0
github.com/bigfile/bigfile/log/logger.go:89.59,94.52 2 1
github.com/bigfile/bigfile/log/logger.go:98.2,98.15 1 1
github.com/bigfile/bigfile/log/logger.go:94.52,96.13 2 0
github.com/bigfile/bigfile/log/writer.go:53.83,66.38 3 7
github.com/bigfile/bigfile/log/writer.go:76.2,81.6 5 7
github.com/bigfile/bigfile/log/writer.go:106.2,114.8 1 7
github.com/bigfile/bigfile/log/writer.go:66.38,67.54 1 3
github.com/bigfile/bigfile/log/writer.go:67.54,69.4 1 0
github.com/bigfile/bigfile/log/writer.go:70.8,70.40 1 4
github.com/bigfile/bigfile/log/writer.go:70.40,72.3 1 0
github.com/bigfile/bigfile/log/writer.go:72.8,72.23 1 4
github.com/bigfile/bigfile/log/writer.go:72.23,74.3 1 0
github.com/bigfile/bigfile/log/writer.go:81.6,83.56 2 8
github.com/bigfile/bigfile/log/writer.go:103.3,103.11 1 1
github.com/bigfile/bigfile/log/writer.go:83.56,84.26 1 4
github.com/bigfile/bigfile/log/writer.go:84.26,86.77 1 4
github.com/bigfile/bigfile/log/writer.go:89.5,89.10 1 4
github.com/bigfile/bigfile/log/writer.go:86.77,88.6 1 0
github.com/bigfile/bigfile/log/writer.go:90.10,92.5 1 0
github.com/bigfile/bigfile/log/writer.go:93.9,95.42 2 4
github.com/bigfile/bigfile/log/writer.go:95.42,97.19 2 3
github.com/bigfile/bigfile/log/writer.go:100.5,100.10 1 3
github.com/bigfile/bigfile/log/writer.go:97.19,99.6 1 0
github.com/bigfile/bigfile/log/writer.go:120.63,125.65 5 1004
github.com/bigfile/bigfile/log/writer.go:135.2,135.15 1 1004
github.com/bigfile/bigfile/log/writer.go:125.65,130.17 5 2
github.com/bigfile/bigfile/log/writer.go:133.3,133.32 1 2
github.com/bigfile/bigfile/log/writer.go:130.17,132.4 1 0
github.com/bigfile/bigfile/log/writer.go:139.42,141.2 1 6
github.com/bigfile/bigfile/internal/util/util.go:18.30,25.16 3 2
github.com/bigfile/bigfile/internal/util/util.go:28.2,28.25 1 1
github.com/bigfile/bigfile/internal/util/util.go:25.16,27.3 1 1
github.com/bigfile/bigfile/internal/util/util.go:32.31,39.16 3 3
github.com/bigfile/bigfile/internal/util/util.go:42.2,42.26 1 2
github.com/bigfile/bigfile/internal/util/util.go:39.16,41.3 1 1
github.com/bigfile/bigfile/internal/util/util.go:46.50,47.14 1 8
github.com/bigfile/bigfile/internal/util/util.go:50.2,50.12 1 8
github.com/bigfile/bigfile/internal/util/util.go:53.2,53.19 1 8
github.com/bigfile/bigfile/internal/util/util.go:47.14,49.3 1 3
github.com/bigfile/bigfile/internal/util/util.go:50.12,52.3 1 3
github.com/bigfile/bigfile/internal/util/util.go:57.49,59.2 1 3
github.com/bigfile/bigfile/internal/util/util.go:62.37,64.35 2 4
github.com/bigfile/bigfile/internal/util/util.go:67.2,69.44 3 4
github.com/bigfile/bigfile/internal/util/util.go:64.35,65.49 1 0
github.com/bigfile/bigfile/internal/util/util.go:69.44,72.3 2 6
github.com/bigfile/bigfile/internal/util/util.go:77.50,79.41 2 2
github.com/bigfile/bigfile/internal/util/util.go:82.2,82.47 1 2
github.com/bigfile/bigfile/internal/util/util.go:79.41,81.3 1 0
github.com/bigfile/bigfile/internal/util/util.go:88.39,90.2 1 2
github.com/bigfile/bigfile/internal/util/util.go:93.38,94.15 1 3
github.com/bigfile/bigfile/internal/util/util.go:97.2,97.89 1 2
github.com/bigfile/bigfile/internal/util/util.go:94.15,96.3 1 1
github.com/bigfile/bigfile/databases/models/chunk.go:46.35,48.2 1 394
github.com/bigfile/bigfile/databases/models/chunk.go:51.60,56.55 2 9
github.com/bigfile/bigfile/databases/models/chunk.go:59.2,59.18 1 9
github.com/bigfile/bigfile/databases/models/chunk.go:56.55,58.3 1 0
github.com/bigfile/bigfile/databases/models/chunk.go:63.46,65.21 1 73
github.com/bigfile/bigfile/databases/models/chunk.go:68.2,68.18 1 73
github.com/bigfile/bigfile/databases/models/chunk.go:72.2,75.32 4 72
github.com/bigfile/bigfile/databases/models/chunk.go:79.2,83.22 5 72
github.com/bigfile/bigfile/databases/models/chunk.go:89.2,89.57 1 72
github.com/bigfile/bigfile/databases/models/chunk.go:65.21,67.3 1 1
github.com/bigfile/bigfile/databases/models/chunk.go:68.18,70.27 2 1
github.com/bigfile/bigfile/databases/models/chunk.go:75.32,78.3 2 72
github.com/bigfile/bigfile/databases/models/chunk.go:83.22,84.55 1 26
github.com/bigfile/bigfile/databases/models/chunk.go:84.55,86.14 2 0
github.com/bigfile/bigfile/databases/models/chunk.go:95.112,103.31 2 6
github.com/bigfile/bigfile/databases/models/chunk.go:108.2,108.69 1 6
github.com/bigfile/bigfile/databases/models/chunk.go:111.2,115.65 3 6
github.com/bigfile/bigfile/databases/models/chunk.go:120.2,120.109 1 6
github.com/bigfile/bigfile/databases/models/chunk.go:125.2,125.67 1 5
github.com/bigfile/bigfile/databases/models/chunk.go:135.2,138.90 3 4
github.com/bigfile/bigfile/databases/models/chunk.go:141.2,143.49 2 4
github.com/bigfile/bigfile/databases/models/chunk.go:147.2,147.40 1 4
github.com/bigfile/bigfile/databases/models/chunk.go:151.2,151.27 1 4
github.com/bigfile/bigfile/databases/models/chunk.go:103.31,105.29 2 0
github.com/bigfile/bigfile/databases/models/chunk.go:108.69,110.3 1 0
github.com/bigfile/bigfile/databases/models/chunk.go:115.65,117.3 1 0
github.com/bigfile/bigfile/databases/models/chunk.go:120.109,122.3 1 1
github.com/bigfile/bigfile/databases/models/chunk.go:125.67,127.3 1 0
github.com/bigfile/bigfile/databases/models/chunk.go:127.8,127.22 1 5
github.com/bigfile/bigfile/databases/models/chunk.go:127.22,129.17 2 1
github.com/bigfile/bigfile/databases/models/chunk.go:132.3,132.31 1 1
github.com/bigfile/bigfile/databases/models/chunk.go:129.17,131.4 1 0
github.com/bigfile/bigfile/databases/models/chunk.go:138.90,140.3 1 0
github.com/bigfile/bigfile/databases/models/chunk.go:143.49,145.3 1 0
github.com/bigfile/bigfile/databases/models/chunk.go:147.40,149.3 1 0
github.com/bigfile/bigfile/databases/models/chunk.go:155.94,161.44 2 45
github.com/bigfile/bigfile/databases/models/chunk.go:165.2,165.58 1 44
github.com/bigfile/bigfile/databases/models/chunk.go:169.2,169.112 1 44
github.com/bigfile/bigfile/databases/models/chunk.go:173.2,178.46 2 43
github.com/bigfile/bigfile/databases/models/chunk.go:182.2,182.71 1 43
github.com/bigfile/bigfile/databases/models/chunk.go:186.2,186.19 1 43
github.com/bigfile/bigfile/databases/models/chunk.go:161.44,163.3 1 1
github.com/bigfile/bigfile/databases/models/chunk.go:165.58,167.3 1 0
github.com/bigfile/bigfile/databases/models/chunk.go:169.112,171.3 1 1
github.com/bigfile/bigfile/databases/models/chunk.go:178.46,180.3 1 0
github.com/bigfile/bigfile/databases/models/chunk.go:182.71,184.3 1 0
github.com/bigfile/bigfile/databases/models/chunk.go:190.61,194.2 3 55
github.com/bigfile/bigfile/databases/models/chunk.go:197.87,199.69 2 4
github.com/bigfile/bigfile/databases/models/chunk.go:203.2,203.121 1 4
github.com/bigfile/bigfile/databases/models/chunk.go:207.2,212.46 2 4
github.com/bigfile/bigfile/databases/models/chunk.go:216.2,216.73 1 4
github.com/bigfile/bigfile/databases/models/chunk.go:220.2,220.19 1 4
github.com/bigfile/bigfile/databases/models/chunk.go:199.69,201.3 1 0
github.com/bigfile/bigfile/databases/models/chunk.go:203.121,205.3 1 0
github.com/bigfile/bigfile/databases/models/chunk.go:212.46,214.3 1 0
github.com/bigfile/bigfile/databases/models/chunk.go:216.73,218.3 1 0
github.com/bigfile/bigfile/databases/models/object_chunk.go:28.42,30.2 1 156
github.com/bigfile/bigfile/databases/models/object_chunk.go:33.74,37.2 3 8
github.com/bigfile/bigfile/databases/models/object_reader.go:31.75,33.19 1 6
github.com/bigfile/bigfile/databases/models/object_reader.go:37.2,37.29 1 5
github.com/bigfile/bigfile/databases/models/object_reader.go:41.2,46.70 2 4
github.com/bigfile/bigfile/databases/models/object_reader.go:50.2,55.8 1 4
github.com/bigfile/bigfile/databases/models/object_reader.go:33.19,35.3 1 1
github.com/bigfile/bigfile/databases/models/object_reader.go:37.29,39.3 1 1
github.com/bigfile/bigfile/databases/models/object_reader.go:46.70,48.3 1 0
github.com/bigfile/bigfile/databases/models/object_reader.go:58.53,60.17 1 36
github.com/bigfile/bigfile/databases/models/object_reader.go:64.2,69.64 2 36
github.com/bigfile/bigfile/databases/models/object_reader.go:84.2,84.23 1 30
github.com/bigfile/bigfile/databases/models/object_reader.go:60.17,62.3 1 0
github.com/bigfile/bigfile/databases/models/object_reader.go:69.64,70.20 1 6
github.com/bigfile/bigfile/databases/models/object_reader.go:81.3,81.24 1 0
github.com/bigfile/bigfile/databases/models/object_reader.go:70.20,71.55 1 6
github.com/bigfile/bigfile/databases/models/object_reader.go:74.4,76.107 3 4
github.com/bigfile/bigfile/databases/models/object_reader.go:79.4,79.25 1 4
github.com/bigfile/bigfile/databases/models/object_reader.go:71.55,73.5 1 2
github.com/bigfile/bigfile/databases/models/object_reader.go:76.107,78.5 1 0
github.com/bigfile/bigfile/databases/models/request.go:32.43,34.2 1 1
github.com/bigfile/bigfile/databases/models/request.go:37.77,46.2 3 5
github.com/bigfile/bigfile/databases/models/request.go:50.72,51.66 1 3
github.com/bigfile/bigfile/databases/models/request.go:51.66,53.13 2 0
github.com/bigfile/bigfile/databases/models/request.go:54.8,56.3 1 2
github.com/bigfile/bigfile/databases/models/request.go:60.71,71.16 3 2
github.com/bigfile/bigfile/databases/models/request.go:75.2,75.12 1 1
github.com/bigfile/bigfile/databases/models/request.go:71.16,73.13 2 0
github.com/bigfile/bigfile/databases/models/request.go:79.88,86.2 3 2
github.com/bigfile/bigfile/databases/models/test_helper.go:38.97,39.15 1 67
github.com/bigfile/bigfile/databases/models/test_helper.go:44.2,46.33 3 67
github.com/bigfile/bigfile/databases/models/test_helper.go:39.15,40.35 1 67
github.com/bigfile/bigfile/databases/models/test_helper.go:40.35,42.4 1 0
github.com/bigfile/bigfile/databases/models/test_helper.go:46.33,47.16 1 67
github.com/bigfile/bigfile/databases/models/test_helper.go:52.3,52.17 1 67
github.com/bigfile/bigfile/databases/models/test_helper.go:47.16,48.36 1 67
github.com/bigfile/bigfile/databases/models/test_helper.go:48.36,50.5 1 0
github.com/bigfile/bigfile/databases/models/test_helper.go:56.103,57.15 1 35
github.com/bigfile/bigfile/databases/models/test_helper.go:62.2,65.16 4 35
github.com/bigfile/bigfile/databases/models/test_helper.go:68.2,68.28 1 35
github.com/bigfile/bigfile/databases/models/test_helper.go:57.15,58.35 1 35
github.com/bigfile/bigfile/databases/models/test_helper.go:58.35,60.4 1 0
github.com/bigfile/bigfile/databases/models/test_helper.go:65.16,67.3 1 0
github.com/bigfile/bigfile/databases/models/test_helper.go:79.47,88.16 3 7
github.com/bigfile/bigfile/databases/models/test_helper.go:91.2,92.16 2 7
github.com/bigfile/bigfile/databases/models/test_helper.go:95.2,95.30 1 7
github.com/bigfile/bigfile/databases/models/test_helper.go:88.16,90.3 1 0
github.com/bigfile/bigfile/databases/models/test_helper.go:92.16,94.3 1 0
github.com/bigfile/bigfile/databases/models/test_helper.go:98.113,107.16 3 1
github.com/bigfile/bigfile/databases/models/test_helper.go:110.2,111.16 2 1
github.com/bigfile/bigfile/databases/models/test_helper.go:114.2,114.30 1 1
github.com/bigfile/bigfile/databases/models/test_helper.go:107.16,109.3 1 0
github.com/bigfile/bigfile/databases/models/test_helper.go:111.16,113.3 1 0
github.com/bigfile/bigfile/databases/models/test_helper.go:117.33,119.2 1 25
github.com/bigfile/bigfile/databases/models/util.go:20.25,22.2 1 38
github.com/bigfile/bigfile/databases/models/util.go:25.33,30.47 2 234
github.com/bigfile/bigfile/databases/models/util.go:36.2,36.10 1 234
github.com/bigfile/bigfile/databases/models/util.go:30.47,32.20 2 0
github.com/bigfile/bigfile/databases/models/util.go:32.20,34.4 1 0
github.com/bigfile/bigfile/databases/models/util.go:40.40,47.2 3 66
github.com/bigfile/bigfile/databases/models/util.go:50.19,56.2 5 145
github.com/bigfile/bigfile/databases/models/app.go:27.36,29.2 1 123
github.com/bigfile/bigfile/databases/models/app.go:32.48,41.2 2 36
github.com/bigfile/bigfile/databases/models/app.go:44.67,56.2 3 36
github.com/bigfile/bigfile/databases/models/app.go:58.56,59.11 1 5
github.com/bigfile/bigfile/databases/models/app.go:62.2,62.29 1 5
github.com/bigfile/bigfile/databases/models/app.go:59.11,61.3 1 2
github.com/bigfile/bigfile/databases/models/app.go:66.49,68.2 1 1
github.com/bigfile/bigfile/databases/models/app.go:71.56,73.2 1 1
github.com/bigfile/bigfile/databases/models/app.go:75.72,80.13 2 7
github.com/bigfile/bigfile/databases/models/app.go:83.2,84.16 2 7
github.com/bigfile/bigfile/databases/models/app.go:87.2,87.17 1 5
github.com/bigfile/bigfile/databases/models/app.go:80.13,82.3 1 1
github.com/bigfile/bigfile/databases/models/app.go:84.16,86.3 1 2
github.com/bigfile/bigfile/databases/models/app.go:91.58,93.2 1 6
github.com/bigfile/bigfile/databases/models/app.go:96.69,98.2 1 1
github.com/bigfile/bigfile/databases/models/app.go:101.56,103.16 2 2
github.com/bigfile/bigfile/databases/models/app.go:106.2,106.33 1 2
github.com/bigfile/bigfile/databases/models/app.go:103.16,105.3 1 0
github.com/bigfile/bigfile/databases/models/app.go:110.63,112.16 2 1
github.com/bigfile/bigfile/databases/models/app.go:115.2,115.34 1 1
github.com/bigfile/bigfile/databases/models/app.go:112.16,114.3 1 0
github.com/bigfile/bigfile/databases/models/history.go:20.38,22.2 1 8
github.com/bigfile/bigfile/databases/models/object.go:39.36,41.2 1 214
github.com/bigfile/bigfile/databases/models/object.go:44.56,46.2 1 8
github.com/bigfile/bigfile/databases/models/object.go:49.46,51.2 1 14
github.com/bigfile/bigfile/databases/models/object.go:54.57,62.2 3 8
github.com/bigfile/bigfile/databases/models/object.go:66.60,72.49 2 2
github.com/bigfile/bigfile/databases/models/object.go:75.2,75.15 1 2
github.com/bigfile/bigfile/databases/models/object.go:78.2,78.20 1 1
github.com/bigfile/bigfile/databases/models/object.go:72.49,74.3 1 0
github.com/bigfile/bigfile/databases/models/object.go:75.15,77.3 1 1
github.com/bigfile/bigfile/databases/models/object.go:82.69,83.63 1 15
github.com/bigfile/bigfile/databases/models/object.go:86.2,86.30 1 15
github.com/bigfile/bigfile/databases/models/object.go:89.2,89.32 1 14
github.com/bigfile/bigfile/databases/models/object.go:83.63,85.3 1 15
github.com/bigfile/bigfile/databases/models/object.go:86.30,88.3 1 1
github.com/bigfile/bigfile/databases/models/object.go:93.106,104.61 2 5
github.com/bigfile/bigfile/databases/models/object.go:108.2,108.66 1 5
github.com/bigfile/bigfile/databases/models/object.go:112.2,112.53 1 5
github.com/bigfile/bigfile/databases/models/object.go:118.2,118.82 1 5
github.com/bigfile/bigfile/databases/models/object.go:121.2,121.57 1 5
github.com/bigfile/bigfile/databases/models/object.go:124.2,125.86 2 5
github.com/bigfile/bigfile/databases/models/object.go:129.2,134.87 3 5
github.com/bigfile/bigfile/databases/models/object.go:138.2,138.82 1 5
github.com/bigfile/bigfile/databases/models/object.go:150.2,150.50 1 5
github.com/bigfile/bigfile/databases/models/object.go:154.2,154.58 1 5
github.com/bigfile/bigfile/databases/models/object.go:180.2,181.99 1 5
github.com/bigfile/bigfile/databases/models/object.go:185.2,185.38 1 5
github.com/bigfile/bigfile/databases/models/object.go:104.61,106.3 1 0
github.com/bigfile/bigfile/databases/models/object.go:108.66,110.3 1 0
github.com/bigfile/bigfile/databases/models/object.go:112.53,114.3 1 0
github.com/bigfile/bigfile/databases/models/object.go:114.8,114.26 1 5
github.com/bigfile/bigfile/databases/models/object.go:114.26,116.3 1 0
github.com/bigfile/bigfile/databases/models/object.go:118.82,120.3 1 0
github.com/bigfile/bigfile/databases/models/object.go:121.57,123.3 1 0
github.com/bigfile/bigfile/databases/models/object.go:125.86,127.3 1 0
github.com/bigfile/bigfile/databases/models/object.go:134.87,136.3 1 0
github.com/bigfile/bigfile/databases/models/object.go:138.82,142.3 3 4
github.com/bigfile/bigfile/databases/models/object.go:142.8,144.42 1 1
github.com/bigfile/bigfile/databases/models/object.go:144.42,146.4 1 3
github.com/bigfile/bigfile/databases/models/object.go:150.50,152.3 1 0
github.com/bigfile/bigfile/databases/models/object.go:154.58,161.36 2 3
github.com/bigfile/bigfile/databases/models/object.go:165.3,165.96 1 3
github.com/bigfile/bigfile/databases/models/object.go:168.3,168.31 1 3
github.com/bigfile/bigfile/databases/models/object.go:171.3,171.70 1 3
github.com/bigfile/bigfile/databases/models/object.go:174.3,174.71 1 3
github.com/bigfile/bigfile/databases/models/object.go:177.3,178.43 2 3
github.com/bigfile/bigfile/databases/models/object.go:161.36,163.4 1 2
github.com/bigfile/bigfile/databases/models/object.go:165.96,167.4 1 0
github.com/bigfile/bigfile/databases/models/object.go:168.31,170.4 1 0
github.com/bigfile/bigfile/databases/models/object.go:171.70,173.4 1 0
github.com/bigfile/bigfile/databases/models/object.go:174.71,176.4 1 0
github.com/bigfile/bigfile/databases/models/object.go:181.99,183.3 1 0
github.com/bigfile/bigfile/databases/models/object.go:189.62,191.2 1 2
github.com/bigfile/bigfile/databases/models/object.go:194.63,198.2 3 26
github.com/bigfile/bigfile/databases/models/object.go:201.95,210.61 2 19
github.com/bigfile/bigfile/databases/models/object.go:214.2,214.29 1 19
github.com/bigfile/bigfile/databases/models/object.go:218.2,218.74 1 17
github.com/bigfile/bigfile/databases/models/object.go:222.2,222.82 1 17
github.com/bigfile/bigfile/databases/models/object.go:226.2,231.95 2 17
github.com/bigfile/bigfile/databases/models/object.go:210.61,212.3 1 0
github.com/bigfile/bigfile/databases/models/object.go:214.29,216.3 1 2
github.com/bigfile/bigfile/databases/models/object.go:218.74,220.3 1 0
github.com/bigfile/bigfile/databases/models/object.go:222.82,224.3 1 0
github.com/bigfile/bigfile/databases/models/object.go:235.72,245.87 2 3
github.com/bigfile/bigfile/databases/models/object.go:249.2,249.68 1 3
github.com/bigfile/bigfile/databases/models/object.go:253.2,253.62 1 3
github.com/bigfile/bigfile/databases/models/object.go:257.2,269.79 2 3
github.com/bigfile/bigfile/databases/models/object.go:245.87,247.3 1 0
github.com/bigfile/bigfile/databases/models/object.go:249.68,251.3 1 0
github.com/bigfile/bigfile/databases/models/object.go:253.62,255.3 1 0
github.com/bigfile/bigfile/databases/models/object.go:272.145,278.44 2 22
github.com/bigfile/bigfile/databases/models/object.go:304.2,304.42 1 22
github.com/bigfile/bigfile/databases/models/object.go:308.2,308.33 1 22
github.com/bigfile/bigfile/databases/models/object.go:315.2,315.12 1 22
github.com/bigfile/bigfile/databases/models/object.go:278.44,285.58 2 37
github.com/bigfile/bigfile/databases/models/object.go:288.3,288.85 1 37
github.com/bigfile/bigfile/databases/models/object.go:291.3,291.58 1 37
github.com/bigfile/bigfile/databases/models/object.go:294.3,294.66 1 37
github.com/bigfile/bigfile/databases/models/object.go:297.3,301.5 1 37
github.com/bigfile/bigfile/databases/models/object.go:285.58,287.4 1 0
github.com/bigfile/bigfile/databases/models/object.go:288.85,290.4 1 0
github.com/bigfile/bigfile/databases/models/object.go:291.58,293.4 1 0
github.com/bigfile/bigfile/databases/models/object.go:294.66,296.4 1 0
github.com/bigfile/bigfile/databases/models/object.go:304.42,306.3 1 0
github.com/bigfile/bigfile/databases/models/object.go:308.33,310.53 2 50
github.com/bigfile/bigfile/databases/models/object.go:310.53,312.4 1 0
github.com/bigfile/bigfile/databases/models/token.go:38.36,40.2 1 51
github.com/bigfile/bigfile/databases/models/token.go:43.32,45.2 1 3
github.com/bigfile/bigfile/databases/models/token.go:48.51,53.2 1 3
github.com/bigfile/bigfile/databases/models/token.go:56.42,57.37 1 13
github.com/bigfile/bigfile/databases/models/token.go:60.2,60.12 1 13
github.com/bigfile/bigfile/databases/models/token.go:57.37,59.3 1 4
github.com/bigfile/bigfile/databases/models/token.go:65.47,66.17 1 2
github.com/bigfile/bigfile/databases/models/token.go:69.2,69.36 1 2
github.com/bigfile/bigfile/databases/models/token.go:66.17,68.3 1 0
github.com/bigfile/bigfile/databases/models/token.go:73.66,74.28 1 2
github.com/bigfile/bigfile/databases/models/token.go:77.2,78.69 2 1
github.com/bigfile/bigfile/databases/models/token.go:74.28,76.3 1 1
github.com/bigfile/bigfile/databases/models/token.go:84.19,101.2 3 10
github.com/bigfile/bigfile/databases/models/token.go:103.76,108.13 2 4
github.com/bigfile/bigfile/databases/models/token.go:111.2,112.16 2 4
github.com/bigfile/bigfile/databases/models/token.go:115.2,115.19 1 2
github.com/bigfile/bigfile/databases/models/token.go:108.13,110.3 1 1
github.com/bigfile/bigfile/databases/models/token.go:112.16,114.3 1 2
github.com/bigfile/bigfile/databases/models/token.go:119.62,121.2 1 3
github.com/bigfile/bigfile/databases/models/token.go:124.73,126.2 1 1
github.com/bigfile/bigfile/databases/models/file.go:61.49,63.2 1 33
github.com/bigfile/bigfile/databases/models/file.go:66.35,68.2 1 1757
github.com/bigfile/bigfile/databases/models/file.go:70.67,71.18 1 4
github.com/bigfile/bigfile/databases/models/file.go:75.2,77.60 2 3
github.com/bigfile/bigfile/databases/models/file.go:81.2,81.26 1 3
github.com/bigfile/bigfile/databases/models/file.go:85.2,85.17 1 2
github.com/bigfile/bigfile/databases/models/file.go:94.2,94.29 1 1
github.com/bigfile/bigfile/databases/models/file.go:71.18,73.3 1 1
github.com/bigfile/bigfile/databases/models/file.go:77.60,79.3 1 0
github.com/bigfile/bigfile/databases/models/file.go:81.26,83.3 1 1
github.com/bigfile/bigfile/databases/models/file.go:85.17,86.36 1 1
github.com/bigfile/bigfile/databases/models/file.go:91.3,92.28 2 1
github.com/bigfile/bigfile/databases/models/file.go:86.36,87.62 1 1
github.com/bigfile/bigfile/databases/models/file.go:87.62,89.5 1 0
github.com/bigfile/bigfile/databases/models/file.go:99.66,101.21 1 3
github.com/bigfile/bigfile/databases/models/file.go:107.2,108.56 2 3
github.com/bigfile/bigfile/databases/models/file.go:112.2,112.21 1 2
github.com/bigfile/bigfile/databases/models/file.go:118.2,118.36 1 2
github.com/bigfile/bigfile/databases/models/file.go:101.21,102.59 1 1
github.com/bigfile/bigfile/databases/models/file.go:102.59,104.4 1 0
github.com/bigfile/bigfile/databases/models/file.go:108.56,110.3 1 1
github.com/bigfile/bigfile/databases/models/file.go:112.21,113.67 1 1
github.com/bigfile/bigfile/databases/models/file.go:113.67,115.4 1 0
github.com/bigfile/bigfile/databases/models/file.go:122.70,127.40 2 2
github.com/bigfile/bigfile/databases/models/file.go:130.2,130.42 1 2
github.com/bigfile/bigfile/databases/models/file.go:133.2,133.12 1 1
github.com/bigfile/bigfile/databases/models/file.go:127.40,129.3 1 0
github.com/bigfile/bigfile/databases/models/file.go:130.42,132.3 1 1
github.com/bigfile/bigfile/databases/models/file.go:138.73,139.18 1 2
github.com/bigfile/bigfile/databases/models/file.go:142.2,143.31 2 1
github.com/bigfile/bigfile/databases/models/file.go:151.2,151.37 1 1
github.com/bigfile/bigfile/databases/models/file.go:139.18,141.3 1 1
github.com/bigfile/bigfile/databases/models/file.go:143.31,144.60 1 1
github.com/bigfile/bigfile/databases/models/file.go:147.3,147.67 1 1
github.com/bigfile/bigfile/databases/models/file.go:144.60,146.4 1 0
github.com/bigfile/bigfile/databases/models/file.go:147.67,149.4 1 0
github.com/bigfile/bigfile/databases/models/file.go:155.50,161.6 2 27
github.com/bigfile/bigfile/databases/models/file.go:173.2,175.38 2 27
github.com/bigfile/bigfile/databases/models/file.go:161.6,163.23 2 127
github.com/bigfile/bigfile/databases/models/file.go:166.3,167.73 2 100
github.com/bigfile/bigfile/databases/models/file.go:170.3,170.18 1 100
github.com/bigfile/bigfile/databases/models/file.go:163.23,164.9 1 27
github.com/bigfile/bigfile/databases/models/file.go:167.73,169.4 1 0
github.com/bigfile/bigfile/databases/models/file.go:179.62,181.65 2 70
github.com/bigfile/bigfile/databases/models/file.go:184.2,184.16 1 70
github.com/bigfile/bigfile/databases/models/file.go:187.2,187.21 1 50
github.com/bigfile/bigfile/databases/models/file.go:190.2,190.79 1 50
github.com/bigfile/bigfile/databases/models/file.go:193.2,193.44 1 50
github.com/bigfile/bigfile/databases/models/file.go:181.65,183.3 1 0
github.com/bigfile/bigfile/databases/models/file.go:184.16,186.3 1 20
github.com/bigfile/bigfile/databases/models/file.go:187.21,189.3 1 39
github.com/bigfile/bigfile/databases/models/file.go:190.79,192.3 1 0
github.com/bigfile/bigfile/databases/models/file.go:196.79,198.2 1 3
github.com/bigfile/bigfile/databases/models/file.go:201.110,203.18 1 1
github.com/bigfile/bigfile/databases/models/file.go:207.2,213.40 2 1
github.com/bigfile/bigfile/databases/models/file.go:217.2,217.62 1 1
github.com/bigfile/bigfile/databases/models/file.go:221.2,221.76 1 1
github.com/bigfile/bigfile/databases/models/file.go:225.2,235.23 6 1
github.com/bigfile/bigfile/databases/models/file.go:239.2,239.73 1 1
github.com/bigfile/bigfile/databases/models/file.go:243.2,243.63 1 1
github.com/bigfile/bigfile/databases/models/file.go:247.2,247.12 1 1
github.com/bigfile/bigfile/databases/models/file.go:203.18,205.3 1 0
github.com/bigfile/bigfile/databases/models/file.go:213.40,215.3 1 0
github.com/bigfile/bigfile/databases/models/file.go:217.62,219.3 1 0
github.com/bigfile/bigfile/databases/models/file.go:221.76,223.3 1 0
github.com/bigfile/bigfile/databases/models/file.go:235.23,237.3 1 0
github.com/bigfile/bigfile/databases/models/file.go:239.73,241.3 1 0
github.com/bigfile/bigfile/databases/models/file.go:243.63,245.3 1 0
github.com/bigfile/bigfile/databases/models/file.go:250.45,255.40 2 16
github.com/bigfile/bigfile/databases/models/file.go:259.2,259.13 1 16
github.com/bigfile/bigfile/databases/models/file.go:255.40,257.13 2 0
github.com/bigfile/bigfile/databases/models/file.go:264.64,273.48 2 6
github.com/bigfile/bigfile/databases/models/file.go:277.2,277.29 1 6
github.com/bigfile/bigfile/databases/models/file.go:281.2,281.19 1 5
github.com/bigfile/bigfile/databases/models/file.go:287.2,287.74 1 5
github.com/bigfile/bigfile/databases/models/file.go:291.2,291.88 1 4
github.com/bigfile/bigfile/databases/models/file.go:295.2,295.18 1 4
github.com/bigfile/bigfile/databases/models/file.go:301.2,304.15 3 4
github.com/bigfile/bigfile/databases/models/file.go:310.2,310.32 1 4
github.com/bigfile/bigfile/databases/models/file.go:314.2,314.41 1 2
github.com/bigfile/bigfile/databases/models/file.go:321.2,321.67 1 2
github.com/bigfile/bigfile/databases/models/file.go:325.2,325.62 1 2
github.com/bigfile/bigfile/databases/models/file.go:328.2,333.117 5 2
github.com/bigfile/bigfile/databases/models/file.go:337.2,337.12 1 2
github.com/bigfile/bigfile/databases/models/file.go:273.48,275.3 1 0
github.com/bigfile/bigfile/databases/models/file.go:277.29,279.3 1 1
github.com/bigfile/bigfile/databases/models/file.go:281.19,282.56 1 0
github.com/bigfile/bigfile/databases/models/file.go:282.56,284.4 1 0
github.com/bigfile/bigfile/databases/models/file.go:287.74,289.3 1 1
github.com/bigfile/bigfile/databases/models/file.go:291.88,293.3 1 0
github.com/bigfile/bigfile/databases/models/file.go:295.18,296.70 1 2
github.com/bigfile/bigfile/databases/models/file.go:296.70,298.4 1 0
github.com/bigfile/bigfile/databases/models/file.go:304.15,307.3 2 4
github.com/bigfile/bigfile/databases/models/file.go:310.32,312.3 1 2
github.com/bigfile/bigfile/databases/models/file.go:314.41,316.79 2 0
github.com/bigfile/bigfile/databases/models/file.go:316.79,318.4 1 0
github.com/bigfile/bigfile/databases/models/file.go:321.67,323.3 1 0
github.com/bigfile/bigfile/databases/models/file.go:325.62,327.3 1 0
github.com/bigfile/bigfile/databases/models/file.go:333.117,335.3 1 0
github.com/bigfile/bigfile/databases/models/file.go:341.107,343.18 1 1
github.com/bigfile/bigfile/databases/models/file.go:347.2,352.92 2 1
github.com/bigfile/bigfile/databases/models/file.go:356.2,356.85 1 1
github.com/bigfile/bigfile/databases/models/file.go:360.2,365.133 5 1
github.com/bigfile/bigfile/databases/models/file.go:369.2,369.59 1 1
github.com/bigfile/bigfile/databases/models/file.go:373.2,373.12 1 1
github.com/bigfile/bigfile/databases/models/file.go:343.18,345.3 1 0
github.com/bigfile/bigfile/databases/models/file.go:352.92,354.3 1 0
github.com/bigfile/bigfile/databases/models/file.go:356.85,358.3 1 0
github.com/bigfile/bigfile/databases/models/file.go:365.133,367.3 1 0
github.com/bigfile/bigfile/databases/models/file.go:369.59,371.3 1 0
github.com/bigfile/bigfile/databases/models/file.go:378.85,385.20 2 27
github.com/bigfile/bigfile/databases/models/file.go:391.2,391.29 1 27
github.com/bigfile/bigfile/databases/models/file.go:408.2,409.20 2 27
github.com/bigfile/bigfile/databases/models/file.go:385.20,386.61 1 1
github.com/bigfile/bigfile/databases/models/file.go:386.61,388.4 1 0
github.com/bigfile/bigfile/databases/models/file.go:391.29,393.114 2 89
github.com/bigfile/bigfile/databases/models/file.go:406.3,406.16 1 89
github.com/bigfile/bigfile/databases/models/file.go:393.114,394.35 1 46
github.com/bigfile/bigfile/databases/models/file.go:397.4,402.45 6 46
github.com/bigfile/bigfile/databases/models/file.go:394.35,396.5 1 0
github.com/bigfile/bigfile/databases/models/file.go:402.45,404.5 1 0
github.com/bigfile/bigfile/databases/models/file.go:413.64,421.2 4 45
github.com/bigfile/bigfile/databases/models/file.go:424.136,432.80 2 12
github.com/bigfile/bigfile/databases/models/file.go:436.2,436.79 1 11
github.com/bigfile/bigfile/databases/models/file.go:440.2,440.76 1 11
github.com/bigfile/bigfile/databases/models/file.go:444.2,458.45 2 11
github.com/bigfile/bigfile/databases/models/file.go:462.2,462.67 1 11
github.com/bigfile/bigfile/databases/models/file.go:466.2,466.18 1 11
github.com/bigfile/bigfile/databases/models/file.go:432.80,434.3 1 1
github.com/bigfile/bigfile/databases/models/file.go:436.79,438.3 1 0
github.com/bigfile/bigfile/databases/models/file.go:440.76,442.3 1 0
github.com/bigfile/bigfile/databases/models/file.go:458.45,460.3 1 0
github.com/bigfile/bigfile/databases/models/file.go:462.67,464.3 1 0
github.com/bigfile/bigfile/databases/models/file.go:470.74,475.13 2 3
github.com/bigfile/bigfile/databases/models/file.go:478.2,478.65 1 3
github.com/bigfile/bigfile/databases/models/file.go:481.2,481.18 1 2
github.com/bigfile/bigfile/databases/models/file.go:475.13,477.3 1 1
github.com/bigfile/bigfile/databases/models/file.go:478.65,480.3 1 1
github.com/bigfile/bigfile/databases/models/file.go:485.83,487.2 1 27
github.com/bigfile/bigfile/databases/models/file.go:490.87,493.14 2 29
github.com/bigfile/bigfile/databases/models/file.go:503.2,509.20 2 29
github.com/bigfile/bigfile/databases/models/file.go:515.2,515.29 1 29
github.com/bigfile/bigfile/databases/models/file.go:523.2,527.20 3 12
github.com/bigfile/bigfile/databases/models/file.go:493.14,494.57 1 27
github.com/bigfile/bigfile/databases/models/file.go:494.57,496.71 2 3
github.com/bigfile/bigfile/databases/models/file.go:496.71,499.5 2 0
github.com/bigfile/bigfile/databases/models/file.go:509.20,510.61 1 28
github.com/bigfile/bigfile/databases/models/file.go:510.61,512.4 1 0
github.com/bigfile/bigfile/databases/models/file.go:515.29,518.114 2 65
github.com/bigfile/bigfile/databases/models/file.go:521.3,521.16 1 48
github.com/bigfile/bigfile/databases/models/file.go:518.114,520.4 1 17
github.com/bigfile/bigfile/rpc/file.pb.go:41.32,41.47 1 0
github.com/bigfile/bigfile/rpc/file.pb.go:42.32,42.69 1 0
github.com/bigfile/bigfile/rpc/file.pb.go:43.33,43.34 0 0
github.com/bigfile/bigfile/rpc/file.pb.go:44.43,46.2 1 0
github.com/bigfile/bigfile/rpc/file.pb.go:48.46,50.2 1 0
github.com/bigfile/bigfile/rpc/file.pb.go:51.74,53.2 1 0
github.com/bigfile/bigfile/rpc/file.pb.go:54.45,56.2 1 0
github.com/bigfile/bigfile/rpc/file.pb.go:57.31,59.2 1 0
github.com/bigfile/bigfile/rpc/file.pb.go:60.37,62.2 1 0
github.com/bigfile/bigfile/rpc/file.pb.go:66.32,67.14 1 0
github.com/bigfile/bigfile/rpc/file.pb.go:70.2,70.11 1 0
github.com/bigfile/bigfile/rpc/file.pb.go:67.14,69.3 1 0
github.com/bigfile/bigfile/rpc/file.pb.go:73.33,74.14 1 0
github.com/bigfile/bigfile/rpc/file.pb.go:77.2,77.11 1 0
github.com/bigfile/bigfile/rpc/file.pb.go:74.14,76.3 1 0
github.com/bigfile/bigfile/rpc/file.pb.go:80.33,81.14 1 0
github.com/bigfile/bigfile/rpc/file.pb.go:84.2,84.10 1 0
github.com/bigfile/bigfile/rpc/file.pb.go:81.14,83.3 1 0
github.com/bigfile/bigfile/rpc/file.pb.go:87.32,88.14 1 0
github.com/bigfile/bigfile/rpc/file.pb.go:91.2,91.14 1 0
github.com/bigfile/bigfile/rpc/file.pb.go:88.14,90.3 1 0
github.com/bigfile/bigfile/rpc/file.pb.go:94.33,95.14 1 0
github.com/bigfile/bigfile/rpc/file.pb.go:98.2,98.14 1 0
github.com/bigfile/bigfile/rpc/file.pb.go:95.14,97.3 1 0
github.com/bigfile/bigfile/rpc/file.pb.go:101.48,102.14 1 0
github.com/bigfile/bigfile/rpc/file.pb.go:105.2,105.12 1 0
github.com/bigfile/bigfile/rpc/file.pb.go:102.14,104.3 1 0
github.com/bigfile/bigfile/rpc/file.pb.go:108.47,109.14 1 0
github.com/bigfile/bigfile/rpc/file.pb.go:112.2,112.12 1 0
github.com/bigfile/bigfile/rpc/file.pb.go:109.14,111.3 1 0
github.com/bigfile/bigfile/rpc/file.pb.go:115.52,116.14 1 1
github.com/bigfile/bigfile/rpc/file.pb.go:119.2,119.12 1 0
github.com/bigfile/bigfile/rpc/file.pb.go:116.14,118.3 1 1
github.com/bigfile/bigfile/rpc/file.pb.go:122.13,124.2 1 1
github.com/bigfile/bigfile/rpc/file.pb.go:126.13,126.82 1 1
github.com/bigfile/bigfile/rpc/file_update.pb.go:41.45,41.73 1 0
github.com/bigfile/bigfile/rpc/file_update.pb.go:42.45,42.82 1 0
github.com/bigfile/bigfile/rpc/file_update.pb.go:43.46,43.47 0 0
github.com/bigfile/bigfile/rpc/file_update.pb.go:44.56,46.2 1 0
github.com/bigfile/bigfile/rpc/file_update.pb.go:48.59,50.2 1 0
github.com/bigfile/bigfile/rpc/file_update.pb.go:51.87,53.2 1 0
github.com/bigfile/bigfile/rpc/file_update.pb.go:54.58,56.2 1 0
github.com/bigfile/bigfile/rpc/file_update.pb.go:57.44,59.2 1 0
github.com/bigfile/bigfile/rpc/file_update.pb.go:60.50,62.2 1 0
github.com/bigfile/bigfile/rpc/file_update.pb.go:66.47,67.14 1 0
github.com/bigfile/bigfile/rpc/file_update.pb.go:70.2,70.11 1 0
github.com/bigfile/bigfile/rpc/file_update.pb.go:67.14,69.3 1 0
github.com/bigfile/bigfile/rpc/file_update.pb.go:73.49,74.14 1 0
github.com/bigfile/bigfile/rpc/file_update.pb.go:77.2,77.11 1 0
github.com/bigfile/bigfile/rpc/file_update.pb.go:74.14,76.3 1 0
github.com/bigfile/bigfile/rpc/file_update.pb.go:80.46,81.14 1 0
github.com/bigfile/bigfile/rpc/file_update.pb.go:84.2,84.11 1 0
github.com/bigfile/bigfile/rpc/file_update.pb.go:81.14,83.3 1 0
github.com/bigfile/bigfile/rpc/file_update.pb.go:87.63,88.14 1 0
github.com/bigfile/bigfile/rpc/file_update.pb.go:91.2,91.12 1 0
github.com/bigfile/bigfile/rpc/file_update.pb.go:88.14,90.3 1 0
github.com/bigfile/bigfile/rpc/file_update.pb.go:94.61,95.14 1 2
github.com/bigfile/bigfile/rpc/file_update.pb.go:98.2,98.12 1 0
github.com/bigfile/bigfile/rpc/file_update.pb.go:95.14,97.3 1 2
github.com/bigfile/bigfile/rpc/file_update.pb.go:110.46,110.75 1 0
github.com/bigfile/bigfile/rpc/file_update.pb.go:111.46,111.83 1 0
github.com/bigfile/bigfile/rpc/file_update.pb.go:112.47,112.48 0 0
github.com/bigfile/bigfile/rpc/file_update.pb.go:113.57,115.2 1 0
github.com/bigfile/bigfile/rpc/file_update.pb.go:117.60,119.2 1 0
github.com/bigfile/bigfile/rpc/file_update.pb.go:120.88,122.2 1 0
github.com/bigfile/bigfile/rpc/file_update.pb.go:123.59,125.2 1 0
github.com/bigfile/bigfile/rpc/file_update.pb.go:126.45,128.2 1 0
github.com/bigfile/bigfile/rpc/file_update.pb.go:129.51,131.2 1 0
github.com/bigfile/bigfile/rpc/file_update.pb.go:135.52,136.14 1 0
github.com/bigfile/bigfile/rpc/file_update.pb.go:139.2,139.10 1 0
github.com/bigfile/bigfile/rpc/file_update.pb.go:136.14,138.3 1 0
github.com/bigfile/bigfile/rpc/file_update.pb.go:142.46,143.14 1 0
github.com/bigfile/bigfile/rpc/file_update.pb.go:146.2,146.12 1 0
github.com/bigfile/bigfile/rpc/file_update.pb.go:143.14,145.3 1 0
github.com/bigfile/bigfile/rpc/file_update.pb.go:149.13,152.2 2 1
github.com/bigfile/bigfile/rpc/file_update.pb.go:154.13,154.89 1 1
github.com/bigfile/bigfile/rpc/file_update.pb.go:202.64,204.2 1 0
github.com/bigfile/bigfile/rpc/file_update.pb.go:206.137,209.16 3 0
github.com/bigfile/bigfile/rpc/file_update.pb.go:212.2,212.17 1 0
github.com/bigfile/bigfile/rpc/file_update.pb.go:209.16,211.3 1 0
github.com/bigfile/bigfile/rpc/file_update.pb.go:224.124,226.2 1 0
github.com/bigfile/bigfile/rpc/file_update.pb.go:228.69,230.2 1 1
github.com/bigfile/bigfile/rpc/file_update.pb.go:232.166,234.32 2 0
github.com/bigfile/bigfile/rpc/file_update.pb.go:237.2,237.24 1 0
github.com/bigfile/bigfile/rpc/file_update.pb.go:240.2,244.77 2 0
github.com/bigfile/bigfile/rpc/file_update.pb.go:247.2,247.44 1 0
github.com/bigfile/bigfile/rpc/file_update.pb.go:234.32,236.3 1 0
github.com/bigfile/bigfile/rpc/file_update.pb.go:237.24,239.3 1 0
github.com/bigfile/bigfile/rpc/file_update.pb.go:244.77,246.3 1 0
github.com/bigfile/bigfile/rpc/server.go:57.67,64.41 2 17
github.com/bigfile/bigfile/rpc/server.go:67.2,67.64 1 15
github.com/bigfile/bigfile/rpc/server.go:77.2,77.30 1 5
github.com/bigfile/bigfile/rpc/server.go:64.41,66.3 1 2
github.com/bigfile/bigfile/rpc/server.go:67.64,68.30 1 10
github.com/bigfile/bigfile/rpc/server.go:71.3,72.18 2 9
github.com/bigfile/bigfile/rpc/server.go:75.3,75.28 1 8
github.com/bigfile/bigfile/rpc/server.go:68.30,70.4 1 1
github.com/bigfile/bigfile/rpc/server.go:72.18,74.4 1 1
github.com/bigfile/bigfile/rpc/server.go:81.83,84.37 3 6
github.com/bigfile/bigfile/rpc/server.go:87.2,87.8 1 6
github.com/bigfile/bigfile/rpc/server.go:84.37,86.3 1 2
github.com/bigfile/bigfile/rpc/server.go:91.147,97.46 2 14
github.com/bigfile/bigfile/rpc/server.go:101.2,101.70 1 13
github.com/bigfile/bigfile/rpc/server.go:105.2,105.53 1 13
github.com/bigfile/bigfile/rpc/server.go:111.2,119.8 3 13
github.com/bigfile/bigfile/rpc/server.go:97.46,99.3 1 1
github.com/bigfile/bigfile/rpc/server.go:101.70,103.3 1 0
github.com/bigfile/bigfile/rpc/server.go:105.53,106.64 1 5
github.com/bigfile/bigfile/rpc/server.go:106.64,108.4 1 0
github.com/bigfile/bigfile/rpc/server.go:122.60,124.21 2 3
github.com/bigfile/bigfile/rpc/server.go:127.2,127.25 1 3
github.com/bigfile/bigfile/rpc/server.go:130.2,130.25 1 3
github.com/bigfile/bigfile/rpc/server.go:133.2,133.28 1 3
github.com/bigfile/bigfile/rpc/server.go:137.2,137.28 1 3
github.com/bigfile/bigfile/rpc/server.go:141.2,141.8 1 3
github.com/bigfile/bigfile/rpc/server.go:124.21,126.3 1 2
github.com/bigfile/bigfile/rpc/server.go:127.25,129.3 1 2
github.com/bigfile/bigfile/rpc/server.go:130.25,132.3 1 2
github.com/bigfile/bigfile/rpc/server.go:133.28,136.3 2 2
github.com/bigfile/bigfile/rpc/server.go:137.28,140.3 2 1
github.com/bigfile/bigfile/rpc/server.go:144.80,146.54 2 13
github.com/bigfile/bigfile/rpc/server.go:149.2,154.22 2 13
github.com/bigfile/bigfile/rpc/server.go:157.2,157.21 1 13
github.com/bigfile/bigfile/rpc/server.go:166.2,166.27 1 13
github.com/bigfile/bigfile/rpc/server.go:171.2,171.15 1 13
github.com/bigfile/bigfile/rpc/server.go:146.54,148.3 1 0
github.com/bigfile/bigfile/rpc/server.go:154.22,156.3 1 1
github.com/bigfile/bigfile/rpc/server.go:157.21,159.3 1 10
github.com/bigfile/bigfile/rpc/server.go:159.8,160.26 1 3
github.com/bigfile/bigfile/rpc/server.go:163.3,164.49 2 3
github.com/bigfile/bigfile/rpc/server.go:160.26,162.4 1 2
github.com/bigfile/bigfile/rpc/server.go:166.27,167.76 1 1
github.com/bigfile/bigfile/rpc/server.go:167.76,169.4 1 0
github.com/bigfile/bigfile/rpc/server.go:174.126,178.16 3 12
github.com/bigfile/bigfile/rpc/server.go:187.2,188.46 2 12
github.com/bigfile/bigfile/rpc/server.go:178.16,181.3 2 5
github.com/bigfile/bigfile/rpc/server.go:181.8,182.69 1 7
github.com/bigfile/bigfile/rpc/server.go:182.69,185.4 2 0
github.com/bigfile/bigfile/rpc/server.go:188.46,190.3 1 1
github.com/bigfile/bigfile/rpc/server.go:193.32,194.15 1 14
github.com/bigfile/bigfile/rpc/server.go:199.2,199.8 1 14
github.com/bigfile/bigfile/rpc/server.go:194.15,196.3 1 14
github.com/bigfile/bigfile/rpc/server.go:196.8,198.3 1 0
github.com/bigfile/bigfile/rpc/server.go:203.115,217.15 2 4
github.com/bigfile/bigfile/rpc/server.go:222.2,222.84 1 4
github.com/bigfile/bigfile/rpc/server.go:225.2,226.15 2 3
github.com/bigfile/bigfile/rpc/server.go:227.2,227.68 1 3
github.com/bigfile/bigfile/rpc/server.go:230.2,231.36 2 2
github.com/bigfile/bigfile/rpc/server.go:235.2,235.34 1 2
github.com/bigfile/bigfile/rpc/server.go:238.2,238.32 1 2
github.com/bigfile/bigfile/rpc/server.go:242.2,242.49 1 2
github.com/bigfile/bigfile/rpc/server.go:245.2,245.39 1 2
github.com/bigfile/bigfile/rpc/server.go:253.2,253.44 1 2
github.com/bigfile/bigfile/rpc/server.go:257.2,269.68 2 2
github.com/bigfile/bigfile/rpc/server.go:273.2,273.67 1 1
github.com/bigfile/bigfile/rpc/server.go:276.2,277.18 2 1
github.com/bigfile/bigfile/rpc/server.go:217.15,218.17 1 4
github.com/bigfile/bigfile/rpc/server.go:218.17,220.4 1 3
github.com/bigfile/bigfile/rpc/server.go:222.84,224.3 1 1
github.com/bigfile/bigfile/rpc/server.go:226.15,226.68 1 3
github.com/bigfile/bigfile/rpc/server.go:227.68,229.3 1 1
github.com/bigfile/bigfile/rpc/server.go:231.36,234.3 2 1
github.com/bigfile/bigfile/rpc/server.go:235.34,237.3 1 2
github.com/bigfile/bigfile/rpc/server.go:238.32,241.3 2 1
github.com/bigfile/bigfile/rpc/server.go:242.49,244.3 1 1
github.com/bigfile/bigfile/rpc/server.go:245.39,248.19 3 1
github.com/bigfile/bigfile/rpc/server.go:248.19,251.4 2 1
github.com/bigfile/bigfile/rpc/server.go:253.44,255.3 1 1
github.com/bigfile/bigfile/rpc/server.go:269.68,271.3 1 1
github.com/bigfile/bigfile/rpc/server.go:273.67,275.3 1 0
github.com/bigfile/bigfile/rpc/server.go:281.115,296.15 2 1
github.com/bigfile/bigfile/rpc/server.go:301.2,301.84 1 1
github.com/bigfile/bigfile/rpc/server.go:304.2,305.15 2 1
github.com/bigfile/bigfile/rpc/server.go:306.2,306.68 1 1
github.com/bigfile/bigfile/rpc/server.go:309.2,310.67 2 1
github.com/bigfile/bigfile/rpc/server.go:313.2,313.27 1 1
github.com/bigfile/bigfile/rpc/server.go:316.2,316.36 1 1
github.com/bigfile/bigfile/rpc/server.go:320.2,320.34 1 1
github.com/bigfile/bigfile/rpc/server.go:324.2,324.32 1 1
github.com/bigfile/bigfile/rpc/server.go:328.2,328.49 1 1
github.com/bigfile/bigfile/rpc/server.go:332.2,332.39 1 1
github.com/bigfile/bigfile/rpc/server.go:340.2,340.44 1 1
github.com/bigfile/bigfile/rpc/server.go:345.2,355.68 2 1
github.com/bigfile/bigfile/rpc/server.go:358.2,358.67 1 1
github.com/bigfile/bigfile/rpc/server.go:361.2,362.18 2 1
github.com/bigfile/bigfile/rpc/server.go:296.15,297.17 1 1
github.com/bigfile/bigfile/rpc/server.go:297.17,299.4 1 0
github.com/bigfile/bigfile/rpc/server.go:301.84,303.3 1 0
github.com/bigfile/bigfile/rpc/server.go:305.15,305.68 1 1
github.com/bigfile/bigfile/rpc/server.go:306.68,308.3 1 0
github.com/bigfile/bigfile/rpc/server.go:310.67,312.3 1 0
github.com/bigfile/bigfile/rpc/server.go:313.27,315.3 1 0
github.com/bigfile/bigfile/rpc/server.go:316.36,319.3 2 1
github.com/bigfile/bigfile/rpc/server.go:320.34,323.3 2 1
github.com/bigfile/bigfile/rpc/server.go:324.32,327.3 2 1
github.com/bigfile/bigfile/rpc/server.go:328.49,331.3 2 1
github.com/bigfile/bigfile/rpc/server.go:332.39,335.19 3 1
github.com/bigfile/bigfile/rpc/server.go:335.19,338.4 2 1
github.com/bigfile/bigfile/rpc/server.go:340.44,343.3 2 1
github.com/bigfile/bigfile/rpc/server.go:355.68,357.3 1 0
github.com/bigfile/bigfile/rpc/server.go:358.67,360.3 1 0
github.com/bigfile/bigfile/rpc/server.go:366.115,373.15 2 1
github.com/bigfile/bigfile/rpc/server.go:378.2,378.84 1 1
github.com/bigfile/bigfile/rpc/server.go:381.2,382.15 2 1
github.com/bigfile/bigfile/rpc/server.go:383.2,383.68 1 1
github.com/bigfile/bigfile/rpc/server.go:386.2,387.67 2 1
github.com/bigfile/bigfile/rpc/server.go:390.2,390.27 1 1
github.com/bigfile/bigfile/rpc/server.go:393.2,393.46 1 1
github.com/bigfile/bigfile/rpc/server.go:396.2,399.8 4 1
github.com/bigfile/bigfile/rpc/server.go:373.15,374.17 1 1
github.com/bigfile/bigfile/rpc/server.go:374.17,376.4 1 0
github.com/bigfile/bigfile/rpc/server.go:378.84,380.3 1 0
github.com/bigfile/bigfile/rpc/server.go:382.15,382.68 1 1
github.com/bigfile/bigfile/rpc/server.go:383.68,385.3 1 0
github.com/bigfile/bigfile/rpc/server.go:387.67,389.3 1 0
github.com/bigfile/bigfile/rpc/server.go:390.27,392.3 1 0
github.com/bigfile/bigfile/rpc/server.go:393.46,395.3 1 0
github.com/bigfile/bigfile/rpc/server.go:402.115,403.59 1 8
github.com/bigfile/bigfile/rpc/server.go:406.2,406.25 1 7
github.com/bigfile/bigfile/rpc/server.go:411.2,411.19 1 6
github.com/bigfile/bigfile/rpc/server.go:403.59,405.3 1 1
github.com/bigfile/bigfile/rpc/server.go:406.25,407.58 1 3
github.com/bigfile/bigfile/rpc/server.go:407.58,409.4 1 1
github.com/bigfile/bigfile/rpc/server.go:415.77,428.15 2 4
github.com/bigfile/bigfile/rpc/server.go:433.2,433.6 1 4
github.com/bigfile/bigfile/rpc/server.go:428.15,429.17 1 3
github.com/bigfile/bigfile/rpc/server.go:429.17,431.4 1 3
github.com/bigfile/bigfile/rpc/server.go:433.6,434.33 1 5
github.com/bigfile/bigfile/rpc/server.go:493.3,493.34 1 5
github.com/bigfile/bigfile/rpc/server.go:434.33,435.44 1 5
github.com/bigfile/bigfile/rpc/server.go:438.4,440.85 3 4
github.com/bigfile/bigfile/rpc/server.go:443.4,445.17 3 4
github.com/bigfile/bigfile/rpc/server.go:446.4,446.54 1 4
github.com/bigfile/bigfile/rpc/server.go:451.4,459.26 4 2
github.com/bigfile/bigfile/rpc/server.go:470.4,470.26 1 1
github.com/bigfile/bigfile/rpc/server.go:473.4,473.23 1 1
github.com/bigfile/bigfile/rpc/server.go:476.4,476.23 1 1
github.com/bigfile/bigfile/rpc/server.go:479.4,479.50 1 1
github.com/bigfile/bigfile/rpc/server.go:482.4,482.69 1 1
github.com/bigfile/bigfile/rpc/server.go:485.4,485.67 1 1
github.com/bigfile/bigfile/rpc/server.go:488.4,488.81 1 1
github.com/bigfile/bigfile/rpc/server.go:491.4,491.28 1 1
github.com/bigfile/bigfile/rpc/server.go:435.44,437.5 1 0
github.com/bigfile/bigfile/rpc/server.go:440.85,442.5 1 0
github.com/bigfile/bigfile/rpc/server.go:445.17,445.70 1 4
github.com/bigfile/bigfile/rpc/server.go:446.54,447.73 1 4
github.com/bigfile/bigfile/rpc/server.go:447.73,449.6 1 2
github.com/bigfile/bigfile/rpc/server.go:459.26,460.32 1 1
github.com/bigfile/bigfile/rpc/server.go:460.32,462.6 1 1
github.com/bigfile/bigfile/rpc/server.go:463.10,465.27 2 1
github.com/bigfile/bigfile/rpc/server.go:468.5,468.52 1 1
github.com/bigfile/bigfile/rpc/server.go:465.27,467.6 1 1
github.com/bigfile/bigfile/rpc/server.go:470.26,472.5 1 0
github.com/bigfile/bigfile/rpc/server.go:473.23,475.5 1 0
github.com/bigfile/bigfile/rpc/server.go:476.23,478.5 1 0
github.com/bigfile/bigfile/rpc/server.go:479.50,481.5 1 0
github.com/bigfile/bigfile/rpc/server.go:482.69,484.5 1 0
github.com/bigfile/bigfile/rpc/server.go:485.67,487.5 1 0
github.com/bigfile/bigfile/rpc/server.go:488.81,490.5 1 0
github.com/bigfile/bigfile/rpc/server.go:493.34,495.4 1 3
github.com/bigfile/bigfile/rpc/server.go:500.112,509.15 2 1
github.com/bigfile/bigfile/rpc/server.go:514.2,514.83 1 1
github.com/bigfile/bigfile/rpc/server.go:517.2,518.15 2 1
github.com/bigfile/bigfile/rpc/server.go:519.2,519.70 1 1
github.com/bigfile/bigfile/rpc/server.go:522.2,524.74 3 1
github.com/bigfile/bigfile/rpc/server.go:527.2,528.58 2 1
github.com/bigfile/bigfile/rpc/server.go:531.2,539.67 2 1
github.com/bigfile/bigfile/rpc/server.go:542.2,542.65 1 1
github.com/bigfile/bigfile/rpc/server.go:545.2,545.79 1 1
github.com/bigfile/bigfile/rpc/server.go:548.2,548.8 1 1
github.com/bigfile/bigfile/rpc/server.go:509.15,510.17 1 1
github.com/bigfile/bigfile/rpc/server.go:510.17,512.4 1 0
github.com/bigfile/bigfile/rpc/server.go:514.83,516.3 1 0
github.com/bigfile/bigfile/rpc/server.go:518.15,518.68 1 1
github.com/bigfile/bigfile/rpc/server.go:519.70,521.3 1 0
github.com/bigfile/bigfile/rpc/server.go:524.74,526.3 1 0
github.com/bigfile/bigfile/rpc/server.go:528.58,530.3 1 1
github.com/bigfile/bigfile/rpc/server.go:539.67,541.3 1 0
github.com/bigfile/bigfile/rpc/server.go:542.65,544.3 1 0
github.com/bigfile/bigfile/rpc/server.go:545.79,547.3 1 0
github.com/bigfile/bigfile/rpc/server.go:552.112,561.15 2 1
github.com/bigfile/bigfile/rpc/server.go:566.2,566.83 1 1
github.com/bigfile/bigfile/rpc/server.go:569.2,570.15 2 1
github.com/bigfile/bigfile/rpc/server.go:571.2,571.70 1 1
github.com/bigfile/bigfile/rpc/server.go:574.2,576.74 3 1
github.com/bigfile/bigfile/rpc/server.go:580.2,588.67 2 1
github.com/bigfile/bigfile/rpc/server.go:592.2,592.65 1 1
github.com/bigfile/bigfile/rpc/server.go:595.2,595.79 1 1
github.com/bigfile/bigfile/rpc/server.go:598.2,598.8 1 1
github.com/bigfile/bigfile/rpc/server.go:561.15,562.17 1 1
github.com/bigfile/bigfile/rpc/server.go:562.17,564.4 1 0
github.com/bigfile/bigfile/rpc/server.go:566.83,568.3 1 0
github.com/bigfile/bigfile/rpc/server.go:570.15,570.68 1 1
github.com/bigfile/bigfile/rpc/server.go:571.70,573.3 1 0
github.com/bigfile/bigfile/rpc/server.go:576.74,578.3 1 0
github.com/bigfile/bigfile/rpc/server.go:588.67,590.3 1 0
github.com/bigfile/bigfile/rpc/server.go:592.65,594.3 1 0
github.com/bigfile/bigfile/rpc/server.go:595.79,597.3 1 0
github.com/bigfile/bigfile/rpc/server.go:602.91,613.15 2 1
github.com/bigfile/bigfile/rpc/server.go:618.2,618.81 1 1
github.com/bigfile/bigfile/rpc/server.go:621.2,621.70 1 1
github.com/bigfile/bigfile/rpc/server.go:624.2,626.74 3 1
github.com/bigfile/bigfile/rpc/server.go:629.2,629.124 1 1
github.com/bigfile/bigfile/rpc/server.go:632.2,638.65 2 1
github.com/bigfile/bigfile/rpc/server.go:641.2,641.61 1 1
github.com/bigfile/bigfile/rpc/server.go:644.2,650.18 2 1
github.com/bigfile/bigfile/rpc/server.go:654.2,654.6 1 1
github.com/bigfile/bigfile/rpc/server.go:613.15,614.17 1 1
github.com/bigfile/bigfile/rpc/server.go:614.17,616.4 1 0
github.com/bigfile/bigfile/rpc/server.go:618.81,620.3 1 0
github.com/bigfile/bigfile/rpc/server.go:621.70,623.3 1 0
github.com/bigfile/bigfile/rpc/server.go:626.74,628.3 1 0
github.com/bigfile/bigfile/rpc/server.go:629.124,631.3 1 0
github.com/bigfile/bigfile/rpc/server.go:638.65,640.3 1 0
github.com/bigfile/bigfile/rpc/server.go:641.61,643.3 1 0
github.com/bigfile/bigfile/rpc/server.go:650.18,652.3 1 0
github.com/bigfile/bigfile/rpc/server.go:654.6,658.20 4 4
github.com/bigfile/bigfile/rpc/server.go:663.3,663.17 1 4
github.com/bigfile/bigfile/rpc/server.go:658.20,659.82 1 2
github.com/bigfile/bigfile/rpc/server.go:659.82,661.5 1 0
github.com/bigfile/bigfile/rpc/server.go:663.17,664.21 1 1
github.com/bigfile/bigfile/rpc/server.go:667.4,667.10 1 1
github.com/bigfile/bigfile/rpc/server.go:664.21,666.5 1 1
github.com/bigfile/bigfile/rpc/server.go:673.121,682.15 2 1
github.com/bigfile/bigfile/rpc/server.go:687.2,687.86 1 1
github.com/bigfile/bigfile/rpc/server.go:690.2,691.15 2 1
github.com/bigfile/bigfile/rpc/server.go:692.2,692.70 1 1
github.com/bigfile/bigfile/rpc/server.go:695.2,708.28 4 1
github.com/bigfile/bigfile/rpc/server.go:711.2,711.27 1 1
github.com/bigfile/bigfile/rpc/server.go:714.2,714.28 1 1
github.com/bigfile/bigfile/rpc/server.go:718.2,723.64 5 1
github.com/bigfile/bigfile/rpc/server.go:726.2,726.59 1 1
github.com/bigfile/bigfile/rpc/server.go:729.2,733.38 5 1
github.com/bigfile/bigfile/rpc/server.go:738.2,738.8 1 1
github.com/bigfile/bigfile/rpc/server.go:682.15,683.17 1 1
github.com/bigfile/bigfile/rpc/server.go:683.17,685.4 1 0
github.com/bigfile/bigfile/rpc/server.go:687.86,689.3 1 0
github.com/bigfile/bigfile/rpc/server.go:691.15,691.68 1 1
github.com/bigfile/bigfile/rpc/server.go:692.70,694.3 1 0
github.com/bigfile/bigfile/rpc/server.go:708.28,710.3 1 1
github.com/bigfile/bigfile/rpc/server.go:711.27,713.3 1 0
github.com/bigfile/bigfile/rpc/server.go:714.28,716.3 1 0
github.com/bigfile/bigfile/rpc/server.go:723.64,725.3 1 0
github.com/bigfile/bigfile/rpc/server.go:726.59,728.3 1 0
github.com/bigfile/bigfile/rpc/server.go:733.38,734.58 1 10
github.com/bigfile/bigfile/rpc/server.go:734.58,736.4 1 0
github.com/bigfile/bigfile/rpc/token.pb.go:41.33,41.49 1 0
github.com/bigfile/bigfile/rpc/token.pb.go:42.33,42.70 1 0
github.com/bigfile/bigfile/rpc/token.pb.go:43.34,43.35 0 0
github.com/bigfile/bigfile/rpc/token.pb.go:44.44,46.2 1 0
github.com/bigfile/bigfile/rpc/token.pb.go:48.47,50.2 1 0
github.com/bigfile/bigfile/rpc/token.pb.go:51.75,53.2 1 0
github.com/bigfile/bigfile/rpc/token.pb.go:54.46,56.2 1 0
github.com/bigfile/bigfile/rpc/token.pb.go:57.32,59.2 1 0
github.com/bigfile/bigfile/rpc/token.pb.go:60.38,62.2 1 0
github.com/bigfile/bigfile/rpc/token.pb.go:66.35,67.14 1 0
github.com/bigfile/bigfile/rpc/token.pb.go:70.2,70.11 1 0
github.com/bigfile/bigfile/rpc/token.pb.go:67.14,69.3 1 0
github.com/bigfile/bigfile/rpc/token.pb.go:73.34,74.14 1 0
github.com/bigfile/bigfile/rpc/token.pb.go:77.2,77.11 1 0
github.com/bigfile/bigfile/rpc/token.pb.go:74.14,76.3 1 0
github.com/bigfile/bigfile/rpc/token.pb.go:80.47,81.14 1 0
github.com/bigfile/bigfile/rpc/token.pb.go:84.2,84.12 1 0
github.com/bigfile/bigfile/rpc/token.pb.go:81.14,83.3 1 0
github.com/bigfile/bigfile/rpc/token.pb.go:87.43,88.14 1 0
github.com/bigfile/bigfile/rpc/token.pb.go:91.2,91.10 1 0
github.com/bigfile/bigfile/rpc/token.pb.go:88.14,90.3 1 0
github.com/bigfile/bigfile/rpc/token.pb.go:94.51,95.14 1 0
github.com/bigfile/bigfile/rpc/token.pb.go:98.2,98.12 1 0
github.com/bigfile/bigfile/rpc/token.pb.go:95.14,97.3 1 0
github.com/bigfile/bigfile/rpc/token.pb.go:101.36,102.14 1 0
github.com/bigfile/bigfile/rpc/token.pb.go:105.2,105.14 1 0
github.com/bigfile/bigfile/rpc/token.pb.go:102.14,104.3 1 0
github.com/bigfile/bigfile/rpc/token.pb.go:108.53,109.14 1 0
github.com/bigfile/bigfile/rpc/token.pb.go:112.2,112.12 1 0
github.com/bigfile/bigfile/rpc/token.pb.go:109.14,111.3 1 0
github.com/bigfile/bigfile/rpc/token.pb.go:115.53,116.14 1 0
github.com/bigfile/bigfile/rpc/token.pb.go:119.2,119.12 1 0
github.com/bigfile/bigfile/rpc/token.pb.go:116.14,118.3 1 0
github.com/bigfile/bigfile/rpc/token.pb.go:122.13,124.2 1 1
github.com/bigfile/bigfile/rpc/token.pb.go:126.13,126.83 1 1
github.com/bigfile/bigfile/rpc/token_delete.pb.go:38.46,38.75 1 0
github.com/bigfile/bigfile/rpc/token_delete.pb.go:39.46,39.83 1 0
github.com/bigfile/bigfile/rpc/token_delete.pb.go:40.47,40.48 0 0
github.com/bigfile/bigfile/rpc/token_delete.pb.go:41.57,43.2 1 0
github.com/bigfile/bigfile/rpc/token_delete.pb.go:45.60,47.2 1 0
github.com/bigfile/bigfile/rpc/token_delete.pb.go:48.88,50.2 1 0
github.com/bigfile/bigfile/rpc/token_delete.pb.go:51.59,53.2 1 0
github.com/bigfile/bigfile/rpc/token_delete.pb.go:54.45,56.2 1 0
github.com/bigfile/bigfile/rpc/token_delete.pb.go:57.51,59.2 1 0
github.com/bigfile/bigfile/rpc/token_delete.pb.go:63.49,64.14 1 0
github.com/bigfile/bigfile/rpc/token_delete.pb.go:67.2,67.11 1 0
github.com/bigfile/bigfile/rpc/token_delete.pb.go:64.14,66.3 1 0
github.com/bigfile/bigfile/rpc/token_delete.pb.go:70.52,71.14 1 0
github.com/bigfile/bigfile/rpc/token_delete.pb.go:74.2,74.11 1 0
github.com/bigfile/bigfile/rpc/token_delete.pb.go:71.14,73.3 1 0
github.com/bigfile/bigfile/rpc/token_delete.pb.go:77.48,78.14 1 0
github.com/bigfile/bigfile/rpc/token_delete.pb.go:81.2,81.11 1 0
github.com/bigfile/bigfile/rpc/token_delete.pb.go:78.14,80.3 1 0
github.com/bigfile/bigfile/rpc/token_delete.pb.go:93.47,93.77 1 0
github.com/bigfile/bigfile/rpc/token_delete.pb.go:94.47,94.84 1 0
github.com/bigfile/bigfile/rpc/token_delete.pb.go:95.48,95.49 0 0
github.com/bigfile/bigfile/rpc/token_delete.pb.go:96.58,98.2 1 0
github.com/bigfile/bigfile/rpc/token_delete.pb.go:100.61,102.2 1 0
github.com/bigfile/bigfile/rpc/token_delete.pb.go:103.89,105.2 1 0
github.com/bigfile/bigfile/rpc/token_delete.pb.go:106.60,108.2 1 0
github.com/bigfile/bigfile/rpc/token_delete.pb.go:109.46,111.2 1 0
github.com/bigfile/bigfile/rpc/token_delete.pb.go:112.52,114.2 1 0
github.com/bigfile/bigfile/rpc/token_delete.pb.go:118.53,119.14 1 0
github.com/bigfile/bigfile/rpc/token_delete.pb.go:122.2,122.10 1 0
github.com/bigfile/bigfile/rpc/token_delete.pb.go:119.14,121.3 1 0
github.com/bigfile/bigfile/rpc/token_delete.pb.go:125.49,126.14 1 0
github.com/bigfile/bigfile/rpc/token_delete.pb.go:129.2,129.12 1 0
github.com/bigfile/bigfile/rpc/token_delete.pb.go:126.14,128.3 1 0
github.com/bigfile/bigfile/rpc/token_delete.pb.go:132.13,135.2 2 1
github.com/bigfile/bigfile/rpc/token_delete.pb.go:137.13,137.90 1 1
github.com/bigfile/bigfile/rpc/token_delete.pb.go:180.66,182.2 1 0
github.com/bigfile/bigfile/rpc/token_delete.pb.go:184.141,187.16 3 0
github.com/bigfile/bigfile/rpc/token_delete.pb.go:190.2,190.17 1 0
github.com/bigfile/bigfile/rpc/token_delete.pb.go:187.16,189.3 1 0
github.com/bigfile/bigfile/rpc/token_delete.pb.go:202.128,204.2 1 0
github.com/bigfile/bigfile/rpc/token_delete.pb.go:206.71,208.2 1 1
github.com/bigfile/bigfile/rpc/token_delete.pb.go:210.168,212.32 2 0
github.com/bigfile/bigfile/rpc/token_delete.pb.go:215.2,215.24 1 0
github.com/bigfile/bigfile/rpc/token_delete.pb.go:218.2,222.77 2 0
github.com/bigfile/bigfile/rpc/token_delete.pb.go:225.2,225.44 1 0
github.com/bigfile/bigfile/rpc/token_delete.pb.go:212.32,214.3 1 0
github.com/bigfile/bigfile/rpc/token_delete.pb.go:215.24,217.3 1 0
github.com/bigfile/bigfile/rpc/token_delete.pb.go:222.77,224.3 1 0
github.com/bigfile/bigfile/rpc/directory_list.pb.go:58.52,60.2 1 1
github.com/bigfile/bigfile/rpc/directory_list.pb.go:62.67,64.2 1 0
github.com/bigfile/bigfile/rpc/directory_list.pb.go:79.48,79.79 1 0
github.com/bigfile/bigfile/rpc/directory_list.pb.go:80.48,80.85 1 0
github.com/bigfile/bigfile/rpc/directory_list.pb.go:81.49,81.50 0 0
github.com/bigfile/bigfile/rpc/directory_list.pb.go:82.59,84.2 1 0
github.com/bigfile/bigfile/rpc/directory_list.pb.go:86.62,88.2 1 0
github.com/bigfile/bigfile/rpc/directory_list.pb.go:89.90,91.2 1 0
github.com/bigfile/bigfile/rpc/directory_list.pb.go:92.61,94.2 1 0
github.com/bigfile/bigfile/rpc/directory_list.pb.go:95.47,97.2 1 0
github.com/bigfile/bigfile/rpc/directory_list.pb.go:98.53,100.2 1 0
github.com/bigfile/bigfile/rpc/directory_list.pb.go:104.50,105.14 1 0
github.com/bigfile/bigfile/rpc/directory_list.pb.go:108.2,108.11 1 0
github.com/bigfile/bigfile/rpc/directory_list.pb.go:105.14,107.3 1 0
github.com/bigfile/bigfile/rpc/directory_list.pb.go:111.66,112.14 1 0
github.com/bigfile/bigfile/rpc/directory_list.pb.go:115.2,115.12 1 0
github.com/bigfile/bigfile/rpc/directory_list.pb.go:112.14,114.3 1 0
github.com/bigfile/bigfile/rpc/directory_list.pb.go:118.66,119.14 1 2
github.com/bigfile/bigfile/rpc/directory_list.pb.go:122.2,122.12 1 0
github.com/bigfile/bigfile/rpc/directory_list.pb.go:119.14,121.3 1 2
github.com/bigfile/bigfile/rpc/directory_list.pb.go:125.68,126.14 1 0
github.com/bigfile/bigfile/rpc/directory_list.pb.go:129.2,129.38 1 0
github.com/bigfile/bigfile/rpc/directory_list.pb.go:126.14,128.3 1 0
github.com/bigfile/bigfile/rpc/directory_list.pb.go:132.65,133.14 1 1
github.com/bigfile/bigfile/rpc/directory_list.pb.go:136.2,136.12 1 0
github.com/bigfile/bigfile/rpc/directory_list.pb.go:133.14,135.3 1 1
github.com/bigfile/bigfile/rpc/directory_list.pb.go:139.66,140.14 1 1
github.com/bigfile/bigfile/rpc/directory_list.pb.go:143.2,143.12 1 0
github.com/bigfile/bigfile/rpc/directory_list.pb.go:140.14,142.3 1 1
github.com/bigfile/bigfile/rpc/directory_list.pb.go:157.49,157.81 1 0
github.com/bigfile/bigfile/rpc/directory_list.pb.go:158.49,158.86 1 0
github.com/bigfile/bigfile/rpc/directory_list.pb.go:159.50,159.51 0 0
github.com/bigfile/bigfile/rpc/directory_list.pb.go:160.60,162.2 1 0
github.com/bigfile/bigfile/rpc/directory_list.pb.go:164.63,166.2 1 0
github.com/bigfile/bigfile/rpc/directory_list.pb.go:167.91,169.2 1 0
github.com/bigfile/bigfile/rpc/directory_list.pb.go:170.62,172.2 1 0
github.com/bigfile/bigfile/rpc/directory_list.pb.go:173.48,175.2 1 0
github.com/bigfile/bigfile/rpc/directory_list.pb.go:176.54,178.2 1 0
github.com/bigfile/bigfile/rpc/directory_list.pb.go:182.55,183.14 1 0
github.com/bigfile/bigfile/rpc/directory_list.pb.go:186.2,186.10 1 0
github.com/bigfile/bigfile/rpc/directory_list.pb.go:183.14,185.3 1 0
github.com/bigfile/bigfile/rpc/directory_list.pb.go:189.50,190.14 1 0
github.com/bigfile/bigfile/rpc/directory_list.pb.go:193.2,193.10 1 0
github.com/bigfile/bigfile/rpc/directory_list.pb.go:190.14,192.3 1 0
github.com/bigfile/bigfile/rpc/directory_list.pb.go:196.50,197.14 1 0
github.com/bigfile/bigfile/rpc/directory_list.pb.go:200.2,200.10 1 0
github.com/bigfile/bigfile/rpc/directory_list.pb.go:197.14,199.3 1 0
github.com/bigfile/bigfile/rpc/directory_list.pb.go:203.52,204.14 1 0
github.com/bigfile/bigfile/rpc/directory_list.pb.go:207.2,207.12 1 0
github.com/bigfile/bigfile/rpc/directory_list.pb.go:204.14,206.3 1 0
github.com/bigfile/bigfile/rpc/directory_list.pb.go:210.13,214.2 3 1
github.com/bigfile/bigfile/rpc/directory_list.pb.go:216.13,216.92 1 1
github.com/bigfile/bigfile/rpc/directory_list.pb.go:270.70,272.2 1 0
github.com/bigfile/bigfile/rpc/directory_list.pb.go:274.149,277.16 3 0
github.com/bigfile/bigfile/rpc/directory_list.pb.go:280.2,280.17 1 0
github.com/bigfile/bigfile/rpc/directory_list.pb.go:277.16,279.3 1 0
github.com/bigfile/bigfile/rpc/directory_list.pb.go:292.136,294.2 1 0
github.com/bigfile/bigfile/rpc/directory_list.pb.go:296.75,298.2 1 1
github.com/bigfile/bigfile/rpc/directory_list.pb.go:300.172,302.32 2 0
github.com/bigfile/bigfile/rpc/directory_list.pb.go:305.2,305.24 1 0
github.com/bigfile/bigfile/rpc/directory_list.pb.go:308.2,312.77 2 0
github.com/bigfile/bigfile/rpc/directory_list.pb.go:315.2,315.44 1 0
github.com/bigfile/bigfile/rpc/directory_list.pb.go:302.32,304.3 1 0
github.com/bigfile/bigfile/rpc/directory_list.pb.go:305.24,307.3 1 0
github.com/bigfile/bigfile/rpc/directory_list.pb.go:312.77,314.3 1 0
github.com/bigfile/bigfile/rpc/file_delete.pb.go:40.45,40.73 1 0
github.com/bigfile/bigfile/rpc/file_delete.pb.go:41.45,41.82 1 0
github.com/bigfile/bigfile/rpc/file_delete.pb.go:42.46,42.47 0 0
github.com/bigfile/bigfile/rpc/file_delete.pb.go:43.56,45.2 1 0
github.com/bigfile/bigfile/rpc/file_delete.pb.go:47.59,49.2 1 0
github.com/bigfile/bigfile/rpc/file_delete.pb.go:50.87,52.2 1 0
github.com/bigfile/bigfile/rpc/file_delete.pb.go:53.58,55.2 1 0
github.com/bigfile/bigfile/rpc/file_delete.pb.go:56.44,58.2 1 0
github.com/bigfile/bigfile/rpc/file_delete.pb.go:59.50,61.2 1 0
github.com/bigfile/bigfile/rpc/file_delete.pb.go:65.47,66.14 1 0
github.com/bigfile/bigfile/rpc/file_delete.pb.go:69.2,69.11 1 0
github.com/bigfile/bigfile/rpc/file_delete.pb.go:66.14,68.3 1 0
github.com/bigfile/bigfile/rpc/file_delete.pb.go:72.49,73.14 1 0
github.com/bigfile/bigfile/rpc/file_delete.pb.go:76.2,76.11 1 0
github.com/bigfile/bigfile/rpc/file_delete.pb.go:73.14,75.3 1 0
github.com/bigfile/bigfile/rpc/file_delete.pb.go:79.56,80.14 1 0
github.com/bigfile/bigfile/rpc/file_delete.pb.go:83.2,83.14 1 0
github.com/bigfile/bigfile/rpc/file_delete.pb.go:80.14,82.3 1 0
github.com/bigfile/bigfile/rpc/file_delete.pb.go:86.63,87.14 1 0
github.com/bigfile/bigfile/rpc/file_delete.pb.go:90.2,90.12 1 0
github.com/bigfile/bigfile/rpc/file_delete.pb.go:87.14,89.3 1 0
github.com/bigfile/bigfile/rpc/file_delete.pb.go:102.46,102.75 1 0
github.com/bigfile/bigfile/rpc/file_delete.pb.go:103.46,103.83 1 0
github.com/bigfile/bigfile/rpc/file_delete.pb.go:104.47,104.48 0 0
github.com/bigfile/bigfile/rpc/file_delete.pb.go:105.57,107.2 1 0
github.com/bigfile/bigfile/rpc/file_delete.pb.go:109.60,111.2 1 0
github.com/bigfile/bigfile/rpc/file_delete.pb.go:112.88,114.2 1 0
github.com/bigfile/bigfile/rpc/file_delete.pb.go:115.59,117.2 1 0
github.com/bigfile/bigfile/rpc/file_delete.pb.go:118.45,120.2 1 0
github.com/bigfile/bigfile/rpc/file_delete.pb.go:121.51,123.2 1 0
github.com/bigfile/bigfile/rpc/file_delete.pb.go:127.52,128.14 1 0
github.com/bigfile/bigfile/rpc/file_delete.pb.go:131.2,131.10 1 0
github.com/bigfile/bigfile/rpc/file_delete.pb.go:128.14,130.3 1 0
github.com/bigfile/bigfile/rpc/file_delete.pb.go:134.46,135.14 1 0
github.com/bigfile/bigfile/rpc/file_delete.pb.go:138.2,138.12 1 0
github.com/bigfile/bigfile/rpc/file_delete.pb.go:135.14,137.3 1 0
github.com/bigfile/bigfile/rpc/file_delete.pb.go:141.13,144.2 2 1
github.com/bigfile/bigfile/rpc/file_delete.pb.go:146.13,146.89 1 1
github.com/bigfile/bigfile/rpc/file_delete.pb.go:194.64,196.2 1 0
github.com/bigfile/bigfile/rpc/file_delete.pb.go:198.137,201.16 3 0
github.com/bigfile/bigfile/rpc/file_delete.pb.go:204.2,204.17 1 0
github.com/bigfile/bigfile/rpc/file_delete.pb.go:201.16,203.3 1 0
github.com/bigfile/bigfile/rpc/file_delete.pb.go:216.124,218.2 1 0
github.com/bigfile/bigfile/rpc/file_delete.pb.go:220.69,222.2 1 1
github.com/bigfile/bigfile/rpc/file_delete.pb.go:224.166,226.32 2 0
github.com/bigfile/bigfile/rpc/file_delete.pb.go:229.2,229.24 1 0
github.com/bigfile/bigfile/rpc/file_delete.pb.go:232.2,236.77 2 0
github.com/bigfile/bigfile/rpc/file_delete.pb.go:239.2,239.44 1 0
github.com/bigfile/bigfile/rpc/file_delete.pb.go:226.32,228.3 1 0
github.com/bigfile/bigfile/rpc/file_delete.pb.go:229.24,231.3 1 0
github.com/bigfile/bigfile/rpc/file_delete.pb.go:236.77,238.3 1 0
github.com/bigfile/bigfile/rpc/file_read.pb.go:39.43,39.69 1 1
github.com/bigfile/bigfile/rpc/file_read.pb.go:40.43,40.80 1 0
github.com/bigfile/bigfile/rpc/file_read.pb.go:41.44,41.45 0 0
github.com/bigfile/bigfile/rpc/file_read.pb.go:42.54,44.2 1 0
github.com/bigfile/bigfile/rpc/file_read.pb.go:46.57,48.2 1 1
github.com/bigfile/bigfile/rpc/file_read.pb.go:49.85,51.2 1 1
github.com/bigfile/bigfile/rpc/file_read.pb.go:52.56,54.2 1 0
github.com/bigfile/bigfile/rpc/file_read.pb.go:55.42,57.2 1 1
github.com/bigfile/bigfile/rpc/file_read.pb.go:58.48,60.2 1 0
github.com/bigfile/bigfile/rpc/file_read.pb.go:64.45,65.14 1 0
github.com/bigfile/bigfile/rpc/file_read.pb.go:68.2,68.11 1 0
github.com/bigfile/bigfile/rpc/file_read.pb.go:65.14,67.3 1 0
github.com/bigfile/bigfile/rpc/file_read.pb.go:71.47,72.14 1 0
github.com/bigfile/bigfile/rpc/file_read.pb.go:75.2,75.11 1 0
github.com/bigfile/bigfile/rpc/file_read.pb.go:72.14,74.3 1 0
github.com/bigfile/bigfile/rpc/file_read.pb.go:78.61,79.14 1 0
github.com/bigfile/bigfile/rpc/file_read.pb.go:82.2,82.12 1 0
github.com/bigfile/bigfile/rpc/file_read.pb.go:79.14,81.3 1 0
github.com/bigfile/bigfile/rpc/file_read.pb.go:93.44,93.71 1 2
github.com/bigfile/bigfile/rpc/file_read.pb.go:94.44,94.81 1 0
github.com/bigfile/bigfile/rpc/file_read.pb.go:95.45,95.46 0 0
github.com/bigfile/bigfile/rpc/file_read.pb.go:96.55,98.2 1 0
github.com/bigfile/bigfile/rpc/file_read.pb.go:100.58,102.2 1 2
github.com/bigfile/bigfile/rpc/file_read.pb.go:103.86,105.2 1 2
github.com/bigfile/bigfile/rpc/file_read.pb.go:106.57,108.2 1 0
github.com/bigfile/bigfile/rpc/file_read.pb.go:109.43,111.2 1 2
github.com/bigfile/bigfile/rpc/file_read.pb.go:112.49,114.2 1 0
github.com/bigfile/bigfile/rpc/file_read.pb.go:118.48,119.14 1 0
github.com/bigfile/bigfile/rpc/file_read.pb.go:122.2,122.12 1 0
github.com/bigfile/bigfile/rpc/file_read.pb.go:119.14,121.3 1 0
github.com/bigfile/bigfile/rpc/file_read.pb.go:125.13,128.2 2 1
github.com/bigfile/bigfile/rpc/file_read.pb.go:130.13,130.87 1 1
github.com/bigfile/bigfile/rpc/file_read.pb.go:174.60,176.2 1 1
github.com/bigfile/bigfile/rpc/file_read.pb.go:178.135,180.16 2 1
github.com/bigfile/bigfile/rpc/file_read.pb.go:183.2,184.51 2 1
github.com/bigfile/bigfile/rpc/file_read.pb.go:187.2,187.51 1 1
github.com/bigfile/bigfile/rpc/file_read.pb.go:190.2,190.15 1 1
github.com/bigfile/bigfile/rpc/file_read.pb.go:180.16,182.3 1 0
github.com/bigfile/bigfile/rpc/file_read.pb.go:184.51,186.3 1 0
github.com/bigfile/bigfile/rpc/file_read.pb.go:187.51,189.3 1 0
github.com/bigfile/bigfile/rpc/file_read.pb.go:202.68,204.50 2 3
github.com/bigfile/bigfile/rpc/file_read.pb.go:207.2,207.15 1 2
github.com/bigfile/bigfile/rpc/file_read.pb.go:204.50,206.3 1 1
github.com/bigfile/bigfile/rpc/file_read.pb.go:219.103,221.2 1 0
github.com/bigfile/bigfile/rpc/file_read.pb.go:223.65,225.2 1 2
github.com/bigfile/bigfile/rpc/file_read.pb.go:227.82,229.42 2 1
github.com/bigfile/bigfile/rpc/file_read.pb.go:232.2,232.74 1 1
github.com/bigfile/bigfile/rpc/file_read.pb.go:229.42,231.3 1 0
github.com/bigfile/bigfile/rpc/file_read.pb.go:244.66,246.2 1 2
github.com/bigfile/bigfile/rpc/token_create.pb.go:46.46,46.75 1 0
github.com/bigfile/bigfile/rpc/token_create.pb.go:47.46,47.83 1 0
github.com/bigfile/bigfile/rpc/token_create.pb.go:48.47,48.48 0 0
github.com/bigfile/bigfile/rpc/token_create.pb.go:49.57,51.2 1 0
github.com/bigfile/bigfile/rpc/token_create.pb.go:53.60,55.2 1 0
github.com/bigfile/bigfile/rpc/token_create.pb.go:56.88,58.2 1 0
github.com/bigfile/bigfile/rpc/token_create.pb.go:59.59,61.2 1 0
github.com/bigfile/bigfile/rpc/token_create.pb.go:62.45,64.2 1 0
github.com/bigfile/bigfile/rpc/token_create.pb.go:65.51,67.2 1 0
github.com/bigfile/bigfile/rpc/token_create.pb.go:71.49,72.14 1 0
github.com/bigfile/bigfile/rpc/token_create.pb.go:75.2,75.11 1 0
github.com/bigfile/bigfile/rpc/token_create.pb.go:72.14,74.3 1 0
github.com/bigfile/bigfile/rpc/token_create.pb.go:78.52,79.14 1 0
github.com/bigfile/bigfile/rpc/token_create.pb.go:82.2,82.11 1 0
github.com/bigfile/bigfile/rpc/token_create.pb.go:79.14,81.3 1 0
github.com/bigfile/bigfile/rpc/token_create.pb.go:85.62,86.14 1 2
github.com/bigfile/bigfile/rpc/token_create.pb.go:89.2,89.12 1 0
github.com/bigfile/bigfile/rpc/token_create.pb.go:86.14,88.3 1 2
github.com/bigfile/bigfile/rpc/token_create.pb.go:92.60,93.14 1 2
github.com/bigfile/bigfile/rpc/token_create.pb.go:96.2,96.12 1 0
github.com/bigfile/bigfile/rpc/token_create.pb.go:93.14,95.3 1 2
github.com/bigfile/bigfile/rpc/token_create.pb.go:99.64,100.14 1 2
github.com/bigfile/bigfile/rpc/token_create.pb.go:103.2,103.12 1 0
github.com/bigfile/bigfile/rpc/token_create.pb.go:100.14,102.3 1 2
github.com/bigfile/bigfile/rpc/token_create.pb.go:106.72,107.14 1 2
github.com/bigfile/bigfile/rpc/token_create.pb.go:110.2,110.12 1 0
github.com/bigfile/bigfile/rpc/token_create.pb.go:107.14,109.3 1 2
github.com/bigfile/bigfile/rpc/token_create.pb.go:113.64,114.14 1 0
github.com/bigfile/bigfile/rpc/token_create.pb.go:117.2,117.12 1 0
github.com/bigfile/bigfile/rpc/token_create.pb.go:114.14,116.3 1 0
github.com/bigfile/bigfile/rpc/token_create.pb.go:120.66,121.14 1 2
github.com/bigfile/bigfile/rpc/token_create.pb.go:124.2,124.12 1 0
github.com/bigfile/bigfile/rpc/token_create.pb.go:121.14,123.3 1 2
github.com/bigfile/bigfile/rpc/token_create.pb.go:136.47,136.77 1 0
github.com/bigfile/bigfile/rpc/token_create.pb.go:137.47,137.84 1 0
github.com/bigfile/bigfile/rpc/token_create.pb.go:138.48,138.49 0 0
github.com/bigfile/bigfile/rpc/token_create.pb.go:139.58,141.2 1 0
github.com/bigfile/bigfile/rpc/token_create.pb.go:143.61,145.2 1 0
github.com/bigfile/bigfile/rpc/token_create.pb.go:146.89,148.2 1 0
github.com/bigfile/bigfile/rpc/token_create.pb.go:149.60,151.2 1 0
github.com/bigfile/bigfile/rpc/token_create.pb.go:152.46,154.2 1 0
github.com/bigfile/bigfile/rpc/token_create.pb.go:155.52,157.2 1 0
github.com/bigfile/bigfile/rpc/token_create.pb.go:161.53,162.14 1 0
github.com/bigfile/bigfile/rpc/token_create.pb.go:165.2,165.10 1 0
github.com/bigfile/bigfile/rpc/token_create.pb.go:162.14,164.3 1 0
github.com/bigfile/bigfile/rpc/token_create.pb.go:168.49,169.14 1 0
github.com/bigfile/bigfile/rpc/token_create.pb.go:172.2,172.12 1 0
github.com/bigfile/bigfile/rpc/token_create.pb.go:169.14,171.3 1 0
github.com/bigfile/bigfile/rpc/token_create.pb.go:175.13,178.2 2 1
github.com/bigfile/bigfile/rpc/token_create.pb.go:180.13,180.90 1 1
github.com/bigfile/bigfile/rpc/token_create.pb.go:233.66,235.2 1 0
github.com/bigfile/bigfile/rpc/token_create.pb.go:237.141,240.16 3 0
github.com/bigfile/bigfile/rpc/token_create.pb.go:243.2,243.17 1 0
github.com/bigfile/bigfile/rpc/token_create.pb.go:240.16,242.3 1 0
github.com/bigfile/bigfile/rpc/token_create.pb.go:255.128,257.2 1 0
github.com/bigfile/bigfile/rpc/token_create.pb.go:259.71,261.2 1 1
github.com/bigfile/bigfile/rpc/token_create.pb.go:263.168,265.32 2 0
github.com/bigfile/bigfile/rpc/token_create.pb.go:268.2,268.24 1 0
github.com/bigfile/bigfile/rpc/token_create.pb.go:271.2,275.77 2 0
github.com/bigfile/bigfile/rpc/token_create.pb.go:278.2,278.44 1 0
github.com/bigfile/bigfile/rpc/token_create.pb.go:265.32,267.3 1 0
github.com/bigfile/bigfile/rpc/token_create.pb.go:268.24,270.3 1 0
github.com/bigfile/bigfile/rpc/token_create.pb.go:275.77,277.3 1 0
github.com/bigfile/bigfile/rpc/token_update.pb.go:47.46,47.75 1 0
github.com/bigfile/bigfile/rpc/token_update.pb.go:48.46,48.83 1 0
github.com/bigfile/bigfile/rpc/token_update.pb.go:49.47,49.48 0 0
github.com/bigfile/bigfile/rpc/token_update.pb.go:50.57,52.2 1 0
github.com/bigfile/bigfile/rpc/token_update.pb.go:54.60,56.2 1 0
github.com/bigfile/bigfile/rpc/token_update.pb.go:57.88,59.2 1 0
github.com/bigfile/bigfile/rpc/token_update.pb.go:60.59,62.2 1 0
github.com/bigfile/bigfile/rpc/token_update.pb.go:63.45,65.2 1 0
github.com/bigfile/bigfile/rpc/token_update.pb.go:66.51,68.2 1 0
github.com/bigfile/bigfile/rpc/token_update.pb.go:72.49,73.14 1 0
github.com/bigfile/bigfile/rpc/token_update.pb.go:76.2,76.11 1 0
github.com/bigfile/bigfile/rpc/token_update.pb.go:73.14,75.3 1 0
github.com/bigfile/bigfile/rpc/token_update.pb.go:79.52,80.14 1 0
[...]
github.com/bigfile/bigfile/service/file_delete.go:49.2,49.23 1 4
github.com/bigfile/bigfile/service/file_delete.go:31.43,32.56 1 1
github.com/bigfile/bigfile/service/file_delete.go:32.56,34.4 1 2
github.com/bigfile/bigfile/service/file_delete.go:37.67,39.3 1 1
github.com/bigfile/bigfile/service/file_delete.go:41.52,43.3 1 1
github.com/bigfile/bigfile/service/file_delete.go:43.8,44.70 1 3
github.com/bigfile/bigfile/service/file_delete.go:44.70,46.4 1 1
github.com/bigfile/bigfile/service/file_delete.go:53.73,60.105 2 3
github.com/bigfile/bigfile/service/file_delete.go:65.2,65.46 1 3
github.com/bigfile/bigfile/service/file_delete.go:69.2,69.12 1 3
github.com/bigfile/bigfile/service/file_delete.go:87.2,87.21 1 3
github.com/bigfile/bigfile/service/file_delete.go:91.2,91.56 1 3
github.com/bigfile/bigfile/service/file_delete.go:95.2,95.45 1 2
github.com/bigfile/bigfile/service/file_delete.go:99.2,99.21 1 2
github.com/bigfile/bigfile/service/file_delete.go:60.105,63.3 2 4
github.com/bigfile/bigfile/service/file_delete.go:65.46,67.3 1 0
github.com/bigfile/bigfile/service/file_delete.go:69.12,71.16 2 0
github.com/bigfile/bigfile/service/file_delete.go:80.3,80.16 1 0
github.com/bigfile/bigfile/service/file_delete.go:71.16,72.40 1 0
github.com/bigfile/bigfile/service/file_delete.go:72.40,74.5 1 0
github.com/bigfile/bigfile/service/file_delete.go:74.10,74.25 1 0
github.com/bigfile/bigfile/service/file_delete.go:74.25,75.41 1 0
github.com/bigfile/bigfile/service/file_delete.go:75.41,77.6 1 0
github.com/bigfile/bigfile/service/file_delete.go:80.16,81.46 1 0
github.com/bigfile/bigfile/service/file_delete.go:81.46,83.5 1 0
github.com/bigfile/bigfile/service/file_delete.go:87.21,89.3 1 2
github.com/bigfile/bigfile/service/file_delete.go:91.56,93.3 1 1
github.com/bigfile/bigfile/service/file_delete.go:95.45,97.3 1 0
github.com/bigfile/bigfile/service/file_read.go:29.47,34.45 2 3
github.com/bigfile/bigfile/service/file_read.go:40.2,40.68 1 3
github.com/bigfile/bigfile/service/file_read.go:44.2,44.53 1 3
github.com/bigfile/bigfile/service/file_read.go:52.2,52.23 1 3
github.com/bigfile/bigfile/service/file_read.go:34.45,35.57 1 1
github.com/bigfile/bigfile/service/file_read.go:35.57,37.4 1 2
github.com/bigfile/bigfile/service/file_read.go:40.68,42.3 1 1
github.com/bigfile/bigfile/service/file_read.go:44.53,46.3 1 1
github.com/bigfile/bigfile/service/file_read.go:46.8,47.71 1 2
github.com/bigfile/bigfile/service/file_read.go:47.71,49.4 1 1
github.com/bigfile/bigfile/service/file_read.go:56.71,62.105 2 2
github.com/bigfile/bigfile/service/file_read.go:67.2,67.46 1 2
github.com/bigfile/bigfile/service/file_read.go:71.2,71.25 1 2
github.com/bigfile/bigfile/service/file_read.go:75.2,75.70 1 1
github.com/bigfile/bigfile/service/file_read.go:79.2,79.45 1 1
github.com/bigfile/bigfile/service/file_read.go:83.2,83.24 1 1
github.com/bigfile/bigfile/service/file_read.go:62.105,65.3 2 3
github.com/bigfile/bigfile/service/file_read.go:67.46,69.3 1 0
github.com/bigfile/bigfile/service/file_read.go:71.25,73.3 1 1
github.com/bigfile/bigfile/service/file_read.go:75.70,77.3 1 0
github.com/bigfile/bigfile/service/file_read.go:79.45,81.3 1 0
github.com/bigfile/bigfile/service/validate.go:45.57,46.17 1 13
github.com/bigfile/bigfile/service/validate.go:49.2,49.53 1 9
github.com/bigfile/bigfile/service/validate.go:46.17,48.3 1 4
github.com/bigfile/bigfile/service/validate.go:53.54,54.16 1 7
github.com/bigfile/bigfile/service/validate.go:57.2,57.60 1 5
github.com/bigfile/bigfile/service/validate.go:60.2,60.12 1 4
github.com/bigfile/bigfile/service/validate.go:54.16,56.3 1 2
github.com/bigfile/bigfile/service/validate.go:57.60,59.3 1 1
github.com/bigfile/bigfile/service/validate.go:64.90,66.18 2 35
github.com/bigfile/bigfile/service/validate.go:69.2,69.67 1 29
github.com/bigfile/bigfile/service/validate.go:73.2,73.44 1 28
github.com/bigfile/bigfile/service/validate.go:77.2,77.61 1 27
github.com/bigfile/bigfile/service/validate.go:81.2,81.41 1 26
github.com/bigfile/bigfile/service/validate.go:85.2,85.66 1 25
github.com/bigfile/bigfile/service/validate.go:89.2,89.12 1 24
github.com/bigfile/bigfile/service/validate.go:66.18,68.3 1 6
github.com/bigfile/bigfile/service/validate.go:69.67,71.3 1 1
github.com/bigfile/bigfile/service/validate.go:73.44,75.3 1 1
github.com/bigfile/bigfile/service/validate.go:77.61,79.3 1 1
github.com/bigfile/bigfile/service/validate.go:81.41,83.3 1 1
github.com/bigfile/bigfile/service/validate.go:85.66,87.3 1 1
github.com/bigfile/bigfile/service/validate.go:93.37,105.32 2 35
github.com/bigfile/bigfile/service/validate.go:111.2,111.14 1 7
github.com/bigfile/bigfile/service/validate.go:105.32,106.30 1 84
github.com/bigfile/bigfile/service/validate.go:106.30,108.4 1 28
github.com/bigfile/bigfile/http/test_helper.go:18.54,21.25 3 3
github.com/bigfile/bigfile/http/test_helper.go:26.2,26.13 1 3
github.com/bigfile/bigfile/http/test_helper.go:21.25,22.29 1 21
github.com/bigfile/bigfile/http/test_helper.go:22.29,24.4 1 0
github.com/bigfile/bigfile/http/test_helper.go:29.52,34.2 4 32
github.com/bigfile/bigfile/http/test_helper.go:37.72,41.2 3 5
github.com/bigfile/bigfile/http/test_helper.go:44.100,50.19 2 6
github.com/bigfile/bigfile/http/test_helper.go:54.2,55.25 2 6
github.com/bigfile/bigfile/http/test_helper.go:63.2,63.53 1 6
github.com/bigfile/bigfile/http/test_helper.go:50.19,53.3 2 24
github.com/bigfile/bigfile/http/test_helper.go:55.25,59.23 4 24
github.com/bigfile/bigfile/http/test_helper.go:59.23,61.4 1 18
github.com/bigfile/bigfile/http/test_helper.go:66.73,69.2 2 1
github.com/bigfile/bigfile/http/test_helper.go:72.42,78.40 2 0
github.com/bigfile/bigfile/http/test_helper.go:82.2,82.28 1 0
github.com/bigfile/bigfile/http/test_helper.go:103.2,103.12 1 0
github.com/bigfile/bigfile/http/test_helper.go:78.40,80.3 1 0
github.com/bigfile/bigfile/http/test_helper.go:82.28,88.52 2 0
github.com/bigfile/bigfile/http/test_helper.go:94.3,94.20 1 0
github.com/bigfile/bigfile/http/test_helper.go:99.3,99.15 1 0
github.com/bigfile/bigfile/http/test_helper.go:88.52,89.21 1 0
github.com/bigfile/bigfile/http/test_helper.go:92.4,92.19 1 0
github.com/bigfile/bigfile/http/test_helper.go:89.21,91.5 1 0
github.com/bigfile/bigfile/http/test_helper.go:94.20,95.99 1 0
github.com/bigfile/bigfile/http/test_helper.go:95.99,97.5 1 0
github.com/bigfile/bigfile/http/test_helper.go:99.15,100.9 1 0
github.com/bigfile/bigfile/http/token_create.go:31.43,47.15 2 4
github.com/bigfile/bigfile/http/token_create.go:56.2,60.46 4 4
github.com/bigfile/bigfile/http/token_create.go:64.2,77.69 2 4
github.com/bigfile/bigfile/http/token_create.go:82.2,82.86 1 3
github.com/bigfile/bigfile/http/token_create.go:87.2,89.12 3 3
github.com/bigfile/bigfile/http/token_create.go:47.15,54.3 1 4
github.com/bigfile/bigfile/http/token_create.go:60.46,62.3 1 1
github.com/bigfile/bigfile/http/token_create.go:77.69,80.3 2 1
github.com/bigfile/bigfile/http/token_create.go:82.86,85.3 2 0
github.com/bigfile/bigfile/http/token_delete.go:21.43,34.15 2 4
github.com/bigfile/bigfile/http/token_delete.go:43.2,46.69 3 4
github.com/bigfile/bigfile/http/token_delete.go:50.2,54.25 5 3
github.com/bigfile/bigfile/http/token_delete.go:34.15,41.3 1 4
github.com/bigfile/bigfile/http/token_delete.go:46.69,49.3 2 1
github.com/bigfile/bigfile/http/file_delete.go:25.42,43.15 2 6
github.com/bigfile/bigfile/http/file_delete.go:52.2,52.76 1 6
github.com/bigfile/bigfile/http/file_delete.go:57.2,67.67 2 5
github.com/bigfile/bigfile/http/file_delete.go:72.2,72.87 1 3
github.com/bigfile/bigfile/http/file_delete.go:77.2,77.77 1 3
github.com/bigfile/bigfile/http/file_delete.go:82.2,82.12 1 3
github.com/bigfile/bigfile/http/file_delete.go:43.15,50.3 1 6
github.com/bigfile/bigfile/http/file_delete.go:52.76,55.3 2 1
github.com/bigfile/bigfile/http/file_delete.go:67.67,70.3 2 2
github.com/bigfile/bigfile/http/file_delete.go:72.87,75.3 2 0
github.com/bigfile/bigfile/http/file_delete.go:77.77,80.3 2 0
github.com/bigfile/bigfile/http/file_read.go:32.40,46.76 2 5
github.com/bigfile/bigfile/http/file_read.go:55.2,64.15 2 4
github.com/bigfile/bigfile/http/file_read.go:68.2,68.65 1 4
github.com/bigfile/bigfile/http/file_read.go:77.2,77.83 1 3
github.com/bigfile/bigfile/http/file_read.go:86.2,94.81 3 3
github.com/bigfile/bigfile/http/file_read.go:98.2,98.25 1 3
github.com/bigfile/bigfile/http/file_read.go:104.2,105.121 2 3
github.com/bigfile/bigfile/http/file_read.go:46.76,53.3 2 1
github.com/bigfile/bigfile/http/file_read.go:64.15,66.3 1 4
github.com/bigfile/bigfile/http/file_read.go:68.65,75.3 2 1
github.com/bigfile/bigfile/http/file_read.go:77.83,84.3 2 0
github.com/bigfile/bigfile/http/file_read.go:94.81,96.3 1 0
github.com/bigfile/bigfile/http/file_read.go:98.25,100.3 1 0
github.com/bigfile/bigfile/http/file_read.go:100.8,102.3 1 3
github.com/bigfile/bigfile/http/middleware.go:36.52,39.2 2 53
github.com/bigfile/bigfile/http/middleware.go:43.48,44.32 1 20
github.com/bigfile/bigfile/http/middleware.go:44.32,57.46 6 18
github.com/bigfile/bigfile/http/middleware.go:62.3,67.25 6 18
github.com/bigfile/bigfile/http/middleware.go:57.46,59.4 1 16
github.com/bigfile/bigfile/http/middleware.go:59.9,61.4 1 2
github.com/bigfile/bigfile/http/middleware.go:73.43,74.32 1 17
github.com/bigfile/bigfile/http/middleware.go:74.32,82.47 2 9
github.com/bigfile/bigfile/http/middleware.go:107.3,107.13 1 9
github.com/bigfile/bigfile/http/middleware.go:82.47,83.37 1 8
github.com/bigfile/bigfile/http/middleware.go:83.37,84.83 1 8
github.com/bigfile/bigfile/http/middleware.go:84.83,88.6 3 7
github.com/bigfile/bigfile/http/middleware.go:88.11,96.6 1 1
github.com/bigfile/bigfile/http/middleware.go:98.9,106.4 1 1
github.com/bigfile/bigfile/http/middleware.go:113.45,114.32 1 17
github.com/bigfile/bigfile/http/middleware.go:114.32,123.47 2 9
github.com/bigfile/bigfile/http/middleware.go:147.3,147.13 1 9
github.com/bigfile/bigfile/http/middleware.go:123.47,124.71 1 8
github.com/bigfile/bigfile/http/middleware.go:124.71,132.5 1 1
github.com/bigfile/bigfile/http/middleware.go:132.10,137.5 4 7
github.com/bigfile/bigfile/http/middleware.go:138.9,146.4 1 1
github.com/bigfile/bigfile/http/middleware.go:152.59,153.32 1 22
github.com/bigfile/bigfile/http/middleware.go:153.32,154.16 1 20
github.com/bigfile/bigfile/http/middleware.go:161.3,162.13 2 20
github.com/bigfile/bigfile/http/middleware.go:154.16,155.17 1 19
github.com/bigfile/bigfile/http/middleware.go:155.17,157.5 1 19
github.com/bigfile/bigfile/http/middleware.go:157.10,159.5 1 0
github.com/bigfile/bigfile/http/middleware.go:168.63,169.32 1 45
github.com/bigfile/bigfile/http/middleware.go:169.32,170.47 1 9
github.com/bigfile/bigfile/http/middleware.go:192.3,192.13 1 9
github.com/bigfile/bigfile/http/middleware.go:170.47,179.4 1 1
github.com/bigfile/bigfile/http/middleware.go:179.9,182.50 3 8
github.com/bigfile/bigfile/http/middleware.go:182.50,190.5 1 1
github.com/bigfile/bigfile/http/middleware.go:198.65,199.32 1 74
github.com/bigfile/bigfile/http/middleware.go:199.32,200.47 1 10
github.com/bigfile/bigfile/http/middleware.go:222.3,222.13 1 10
github.com/bigfile/bigfile/http/middleware.go:200.47,209.4 1 1
github.com/bigfile/bigfile/http/middleware.go:209.9,212.76 3 9
github.com/bigfile/bigfile/http/middleware.go:212.76,220.5 1 1
github.com/bigfile/bigfile/http/middleware.go:227.69,237.16 2 16
github.com/bigfile/bigfile/http/middleware.go:241.2,241.37 1 15
github.com/bigfile/bigfile/http/middleware.go:247.2,248.29 2 15
github.com/bigfile/bigfile/http/middleware.go:258.2,261.47 3 15
github.com/bigfile/bigfile/http/middleware.go:237.16,239.3 1 1
github.com/bigfile/bigfile/http/middleware.go:241.37,242.18 1 72
github.com/bigfile/bigfile/http/middleware.go:242.18,245.4 2 57
github.com/bigfile/bigfile/http/middleware.go:248.29,249.14 1 72
github.com/bigfile/bigfile/http/middleware.go:249.14,253.28 4 57
github.com/bigfile/bigfile/http/middleware.go:253.28,255.5 1 42
github.com/bigfile/bigfile/http/middleware.go:265.44,266.75 1 14
github.com/bigfile/bigfile/http/middleware.go:266.75,278.3 1 14
github.com/bigfile/bigfile/http/middleware.go:283.85,284.32 1 9
github.com/bigfile/bigfile/http/middleware.go:284.32,287.10 3 8
github.com/bigfile/bigfile/http/middleware.go:292.3,292.39 1 8
github.com/bigfile/bigfile/http/middleware.go:301.3,301.13 1 8
github.com/bigfile/bigfile/http/middleware.go:287.10,291.4 3 2
github.com/bigfile/bigfile/http/middleware.go:292.39,300.4 1 1
github.com/bigfile/bigfile/http/middleware.go:312.47,313.32 1 30
github.com/bigfile/bigfile/http/middleware.go:313.32,321.47 2 14
github.com/bigfile/bigfile/http/middleware.go:343.3,343.13 1 14
github.com/bigfile/bigfile/http/middleware.go:321.47,322.26 1 13
github.com/bigfile/bigfile/http/middleware.go:322.26,323.99 1 12
github.com/bigfile/bigfile/http/middleware.go:332.5,332.34 1 12
github.com/bigfile/bigfile/http/middleware.go:323.99,331.6 1 1
github.com/bigfile/bigfile/http/middleware.go:334.9,342.4 1 1
github.com/bigfile/bigfile/http/middleware.go:349.56,354.2 4 13
github.com/bigfile/bigfile/http/routers.go:24.28,26.51 2 14
github.com/bigfile/bigfile/http/routers.go:30.2,32.42 2 14
github.com/bigfile/bigfile/http/routers.go:44.2,46.51 2 14
github.com/bigfile/bigfile/http/routers.go:52.2,64.10 11 14
github.com/bigfile/bigfile/http/routers.go:26.51,28.3 1 1
github.com/bigfile/bigfile/http/routers.go:32.42,42.3 1 8
github.com/bigfile/bigfile/http/routers.go:46.51,50.3 3 7
github.com/bigfile/bigfile/http/routers.go:68.46,70.2 1 126
github.com/bigfile/bigfile/http/routers.go:72.48,74.2 1 112
github.com/bigfile/bigfile/http/routers.go:76.24,80.22 4 1
github.com/bigfile/bigfile/http/routers.go:83.2,83.22 1 1
github.com/bigfile/bigfile/http/routers.go:89.2,90.97 1 1
github.com/bigfile/bigfile/http/routers.go:80.22,82.3 1 0
github.com/bigfile/bigfile/http/routers.go:83.22,84.55 1 0
github.com/bigfile/bigfile/http/routers.go:84.55,86.4 1 0
github.com/bigfile/bigfile/http/routers.go:90.97,91.13 1 0
github.com/bigfile/bigfile/http/routers.go:92.8,94.3 1 1
github.com/bigfile/bigfile/http/token_update.go:32.43,47.15 2 3
github.com/bigfile/bigfile/http/token_update.go:56.2,59.46 3 3
github.com/bigfile/bigfile/http/token_update.go:63.2,76.68 2 3
github.com/bigfile/bigfile/http/token_update.go:81.2,81.80 1 3
github.com/bigfile/bigfile/http/token_update.go:86.2,88.52 3 3
github.com/bigfile/bigfile/http/token_update.go:47.15,54.3 1 3
github.com/bigfile/bigfile/http/token_update.go:59.46,61.3 1 2
github.com/bigfile/bigfile/http/token_update.go:76.68,79.3 2 0
github.com/bigfile/bigfile/http/token_update.go:81.80,84.3 2 0
github.com/bigfile/bigfile/http/directory_list.go:33.45,50.15 2 4
github.com/bigfile/bigfile/http/directory_list.go:59.2,59.49 1 4
github.com/bigfile/bigfile/http/directory_list.go:64.2,74.70 2 4
github.com/bigfile/bigfile/http/directory_list.go:79.2,79.93 1 4
github.com/bigfile/bigfile/http/directory_list.go:84.2,92.54 4 3
github.com/bigfile/bigfile/http/directory_list.go:99.2,101.12 3 3
github.com/bigfile/bigfile/http/directory_list.go:50.15,57.3 1 4
github.com/bigfile/bigfile/http/directory_list.go:59.49,62.3 2 0
github.com/bigfile/bigfile/http/directory_list.go:74.70,77.3 2 0
github.com/bigfile/bigfile/http/directory_list.go:79.93,82.3 2 1
github.com/bigfile/bigfile/http/directory_list.go:92.54,93.58 1 21
github.com/bigfile/bigfile/http/directory_list.go:93.58,96.4 2 0
github.com/bigfile/bigfile/http/directory_list.go:106.38,107.40 1 4
github.com/bigfile/bigfile/http/directory_list.go:112.2,112.28 1 0
github.com/bigfile/bigfile/http/directory_list.go:107.40,108.16 1 8
github.com/bigfile/bigfile/http/directory_list.go:108.16,110.4 1 4
github.com/bigfile/bigfile/http/file_create.go:39.42,66.15 2 10
github.com/bigfile/bigfile/http/file_create.go:75.2,75.48 1 10
github.com/bigfile/bigfile/http/file_create.go:122.2,123.42 2 8
github.com/bigfile/bigfile/http/file_create.go:126.2,126.48 1 8
github.com/bigfile/bigfile/http/file_create.go:129.2,129.42 1 8
github.com/bigfile/bigfile/http/file_create.go:132.2,132.42 1 8
github.com/bigfile/bigfile/http/file_create.go:136.2,136.15 1 8
github.com/bigfile/bigfile/http/file_create.go:140.2,140.68 1 8
github.com/bigfile/bigfile/http/file_create.go:145.2,145.84 1 8
github.com/bigfile/bigfile/http/file_create.go:150.2,150.74 1 7
github.com/bigfile/bigfile/http/file_create.go:155.2,156.16 2 7
github.com/bigfile/bigfile/http/file_create.go:66.15,73.3 1 10
github.com/bigfile/bigfile/http/file_create.go:75.48,76.33 1 1
github.com/bigfile/bigfile/http/file_create.go:76.33,79.4 2 0
github.com/bigfile/bigfile/http/file_create.go:80.8,81.42 1 9
github.com/bigfile/bigfile/http/file_create.go:86.3,86.48 1 9
github.com/bigfile/bigfile/http/file_create.go:91.3,91.35 1 9
github.com/bigfile/bigfile/http/file_create.go:98.3,100.45 2 9
github.com/bigfile/bigfile/http/file_create.go:81.42,84.4 2 0
github.com/bigfile/bigfile/http/file_create.go:86.48,89.4 2 0
github.com/bigfile/bigfile/http/file_create.go:91.35,94.4 2 0
github.com/bigfile/bigfile/http/file_create.go:100.45,102.53 1 7
github.com/bigfile/bigfile/http/file_create.go:106.4,106.25 1 6
github.com/bigfile/bigfile/http/file_create.go:102.53,105.5 2 1
github.com/bigfile/bigfile/http/file_create.go:106.25,111.65 2 6
github.com/bigfile/bigfile/http/file_create.go:115.5,115.25 1 6
github.com/bigfile/bigfile/http/file_create.go:111.65,114.6 2 0
github.com/bigfile/bigfile/http/file_create.go:115.25,118.6 2 1
github.com/bigfile/bigfile/http/file_create.go:123.42,125.3 1 0
github.com/bigfile/bigfile/http/file_create.go:126.48,128.3 1 1
github.com/bigfile/bigfile/http/file_create.go:129.42,131.3 1 1
github.com/bigfile/bigfile/http/file_create.go:132.42,134.3 1 1
github.com/bigfile/bigfile/http/file_create.go:136.15,138.3 1 8
github.com/bigfile/bigfile/http/file_create.go:140.68,143.3 2 0
github.com/bigfile/bigfile/http/file_create.go:145.84,148.3 2 1
github.com/bigfile/bigfile/http/file_create.go:150.74,153.3 2 0
github.com/bigfile/bigfile/http/file_update.go:27.42,44.15 2 4
github.com/bigfile/bigfile/http/file_update.go:53.2,53.76 1 4
github.com/bigfile/bigfile/http/file_update.go:58.2,69.15 2 3
github.com/bigfile/bigfile/http/file_update.go:73.2,73.67 1 3
github.com/bigfile/bigfile/http/file_update.go:78.2,78.87 1 2
github.com/bigfile/bigfile/http/file_update.go:83.2,83.77 1 2
github.com/bigfile/bigfile/http/file_update.go:88.2,89.16 2 2
github.com/bigfile/bigfile/http/file_update.go:44.15,51.3 1 4
github.com/bigfile/bigfile/http/file_update.go:53.76,56.3 2 1
github.com/bigfile/bigfile/http/file_update.go:69.15,71.3 1 3
github.com/bigfile/bigfile/http/file_update.go:73.67,76.3 2 1
github.com/bigfile/bigfile/http/file_update.go:78.87,81.3 2 0
github.com/bigfile/bigfile/http/file_update.go:83.77,86.3 2 0
github.com/bigfile/bigfile/http/response.go:22.64,24.16 1 13
github.com/bigfile/bigfile/http/response.go:28.2,28.15 1 13
github.com/bigfile/bigfile/http/response.go:32.2,32.50 1 13
github.com/bigfile/bigfile/http/response.go:35.2,37.3 1 8
github.com/bigfile/bigfile/http/response.go:24.16,26.3 1 0
github.com/bigfile/bigfile/http/response.go:28.15,30.3 1 5
github.com/bigfile/bigfile/http/response.go:32.50,34.3 1 5
github.com/bigfile/bigfile/http/response.go:41.60,53.28 2 9
github.com/bigfile/bigfile/http/response.go:57.2,57.28 1 9
github.com/bigfile/bigfile/http/response.go:61.2,61.15 1 9
github.com/bigfile/bigfile/http/response.go:53.28,55.3 1 3
github.com/bigfile/bigfile/http/response.go:57.28,59.3 1 3
github.com/bigfile/bigfile/http/response.go:65.79,73.54 2 33
github.com/bigfile/bigfile/http/response.go:77.2,77.25 1 33
github.com/bigfile/bigfile/http/response.go:83.2,91.21 2 33
github.com/bigfile/bigfile/http/response.go:96.2,96.27 1 33
github.com/bigfile/bigfile/http/response.go:100.2,100.20 1 33
github.com/bigfile/bigfile/http/response.go:73.54,75.3 1 0
github.com/bigfile/bigfile/http/response.go:77.25,78.73 1 27
github.com/bigfile/bigfile/http/response.go:78.73,80.4 1 0
github.com/bigfile/bigfile/http/response.go:91.21,94.3 2 10
github.com/bigfile/bigfile/http/response.go:96.27,98.3 1 3
